ERROR - 2022-07-13 05:12:43 --> Error connecting to the database: php_network_getaddresses: getaddrinfo failed: No such host is known. 
CRITICAL - 2022-07-13 05:12:43 --> Unable to connect to the database.
Main connection [MySQLi]: php_network_getaddresses: getaddrinfo failed: No such host is known. 
#0 C:\Users\tasya\OneDrive\Documents\Career\PeerGroup\Website-PeerGroup\website-project\vendor\codeigniter4\framework\system\Database\BaseConnection.php(577): CodeIgniter\Database\BaseConnection->initialize()
#1 C:\Users\tasya\OneDrive\Documents\Career\PeerGroup\Website-PeerGroup\website-project\app\Models\QuizModel.php(17): CodeIgniter\Database\BaseConnection->query('SELECT * FROM t...')
#2 C:\Users\tasya\OneDrive\Documents\Career\PeerGroup\Website-PeerGroup\website-project\app\Controllers\Home.php(155): App\Models\QuizModel->gettitle()
#3 C:\Users\tasya\OneDrive\Documents\Career\PeerGroup\Website-PeerGroup\website-project\vendor\codeigniter4\framework\system\CodeIgniter.php(832): App\Controllers\Home->quiz()
#4 C:\Users\tasya\OneDrive\Documents\Career\PeerGroup\Website-PeerGroup\website-project\vendor\codeigniter4\framework\system\CodeIgniter.php(419): CodeIgniter\CodeIgniter->runController(Object(App\Controllers\Home))
#5 C:\Users\tasya\OneDrive\Documents\Career\PeerGroup\Website-PeerGroup\website-project\vendor\codeigniter4\framework\system\CodeIgniter.php(326): CodeIgniter\CodeIgniter->handleRequest(NULL, Object(Config\Cache), false)
#6 C:\Users\tasya\OneDrive\Documents\Career\PeerGroup\Website-PeerGroup\website-project\public\index.php(37): CodeIgniter\CodeIgniter->run()
#7 C:\Users\tasya\OneDrive\Documents\Career\PeerGroup\Website-PeerGroup\website-project\vendor\codeigniter4\framework\system\Commands\Server\rewrite.php(43): require_once('C:\\Users\\tasya\\...')
#8 {main}
ERROR - 2022-07-13 05:13:49 --> Table 'peergroupid.title' doesn't exist
CRITICAL - 2022-07-13 05:13:49 --> Table 'peergroupid.title' doesn't exist
#0 C:\Users\tasya\OneDrive\Documents\Career\PeerGroup\Website-PeerGroup\website-project\vendor\codeigniter4\framework\system\Database\MySQLi\Connection.php(292): mysqli->query('SELECT * FROM t...', 0)
#1 C:\Users\tasya\OneDrive\Documents\Career\PeerGroup\Website-PeerGroup\website-project\vendor\codeigniter4\framework\system\Database\BaseConnection.php(670): CodeIgniter\Database\MySQLi\Connection->execute('SELECT * FROM t...')
#2 C:\Users\tasya\OneDrive\Documents\Career\PeerGroup\Website-PeerGroup\website-project\vendor\codeigniter4\framework\system\Database\BaseConnection.php(598): CodeIgniter\Database\BaseConnection->simpleQuery('SELECT * FROM t...')
#3 C:\Users\tasya\OneDrive\Documents\Career\PeerGroup\Website-PeerGroup\website-project\app\Models\QuizModel.php(17): CodeIgniter\Database\BaseConnection->query('SELECT * FROM t...')
#4 C:\Users\tasya\OneDrive\Documents\Career\PeerGroup\Website-PeerGroup\website-project\app\Controllers\Home.php(155): App\Models\QuizModel->gettitle()
#5 C:\Users\tasya\OneDrive\Documents\Career\PeerGroup\Website-PeerGroup\website-project\vendor\codeigniter4\framework\system\CodeIgniter.php(832): App\Controllers\Home->quiz()
#6 C:\Users\tasya\OneDrive\Documents\Career\PeerGroup\Website-PeerGroup\website-project\vendor\codeigniter4\framework\system\CodeIgniter.php(419): CodeIgniter\CodeIgniter->runController(Object(App\Controllers\Home))
#7 C:\Users\tasya\OneDrive\Documents\Career\PeerGroup\Website-PeerGroup\website-project\vendor\codeigniter4\framework\system\CodeIgniter.php(326): CodeIgniter\CodeIgniter->handleRequest(NULL, Object(Config\Cache), false)
#8 C:\Users\tasya\OneDrive\Documents\Career\PeerGroup\Website-PeerGroup\website-project\public\index.php(37): CodeIgniter\CodeIgniter->run()
#9 C:\Users\tasya\OneDrive\Documents\Career\PeerGroup\Website-PeerGroup\website-project\vendor\codeigniter4\framework\system\Commands\Server\rewrite.php(43): require_once('C:\\Users\\tasya\\...')
#10 {main}
ERROR - 2022-07-13 05:14:43 --> Error connecting to the database: php_network_getaddresses: getaddrinfo failed: No such host is known. 
CRITICAL - 2022-07-13 05:14:43 --> Unable to connect to the database.
Main connection [MySQLi]: php_network_getaddresses: getaddrinfo failed: No such host is known. 
#0 C:\Users\tasya\OneDrive\Documents\Career\PeerGroup\Website-PeerGroup\website-project\vendor\codeigniter4\framework\system\Database\BaseConnection.php(577): CodeIgniter\Database\BaseConnection->initialize()
#1 C:\Users\tasya\OneDrive\Documents\Career\PeerGroup\Website-PeerGroup\website-project\app\Models\QuizModel.php(17): CodeIgniter\Database\BaseConnection->query('SELECT * FROM t...')
#2 C:\Users\tasya\OneDrive\Documents\Career\PeerGroup\Website-PeerGroup\website-project\app\Controllers\Home.php(155): App\Models\QuizModel->gettitle()
#3 C:\Users\tasya\OneDrive\Documents\Career\PeerGroup\Website-PeerGroup\website-project\vendor\codeigniter4\framework\system\CodeIgniter.php(832): App\Controllers\Home->quiz()
#4 C:\Users\tasya\OneDrive\Documents\Career\PeerGroup\Website-PeerGroup\website-project\vendor\codeigniter4\framework\system\CodeIgniter.php(419): CodeIgniter\CodeIgniter->runController(Object(App\Controllers\Home))
#5 C:\Users\tasya\OneDrive\Documents\Career\PeerGroup\Website-PeerGroup\website-project\vendor\codeigniter4\framework\system\CodeIgniter.php(326): CodeIgniter\CodeIgniter->handleRequest(NULL, Object(Config\Cache), false)
#6 C:\Users\tasya\OneDrive\Documents\Career\PeerGroup\Website-PeerGroup\website-project\public\index.php(37): CodeIgniter\CodeIgniter->run()
#7 C:\Users\tasya\OneDrive\Documents\Career\PeerGroup\Website-PeerGroup\website-project\vendor\codeigniter4\framework\system\Commands\Server\rewrite.php(43): require_once('C:\\Users\\tasya\\...')
#8 {main}
ERROR - 2022-07-13 05:16:21 --> Table 'peergroupid.title' doesn't exist
CRITICAL - 2022-07-13 05:16:21 --> Table 'peergroupid.title' doesn't exist
#0 C:\Users\tasya\OneDrive\Documents\Career\PeerGroup\Website-PeerGroup\website-project\vendor\codeigniter4\framework\system\Database\MySQLi\Connection.php(292): mysqli->query('SELECT * FROM t...', 0)
#1 C:\Users\tasya\OneDrive\Documents\Career\PeerGroup\Website-PeerGroup\website-project\vendor\codeigniter4\framework\system\Database\BaseConnection.php(670): CodeIgniter\Database\MySQLi\Connection->execute('SELECT * FROM t...')
#2 C:\Users\tasya\OneDrive\Documents\Career\PeerGroup\Website-PeerGroup\website-project\vendor\codeigniter4\framework\system\Database\BaseConnection.php(598): CodeIgniter\Database\BaseConnection->simpleQuery('SELECT * FROM t...')
#3 C:\Users\tasya\OneDrive\Documents\Career\PeerGroup\Website-PeerGroup\website-project\app\Models\QuizModel.php(17): CodeIgniter\Database\BaseConnection->query('SELECT * FROM t...')
#4 C:\Users\tasya\OneDrive\Documents\Career\PeerGroup\Website-PeerGroup\website-project\app\Controllers\Home.php(155): App\Models\QuizModel->gettitle()
#5 C:\Users\tasya\OneDrive\Documents\Career\PeerGroup\Website-PeerGroup\website-project\vendor\codeigniter4\framework\system\CodeIgniter.php(832): App\Controllers\Home->quiz()
#6 C:\Users\tasya\OneDrive\Documents\Career\PeerGroup\Website-PeerGroup\website-project\vendor\codeigniter4\framework\system\CodeIgniter.php(419): CodeIgniter\CodeIgniter->runController(Object(App\Controllers\Home))
#7 C:\Users\tasya\OneDrive\Documents\Career\PeerGroup\Website-PeerGroup\website-project\vendor\codeigniter4\framework\system\CodeIgniter.php(326): CodeIgniter\CodeIgniter->handleRequest(NULL, Object(Config\Cache), false)
#8 C:\Users\tasya\OneDrive\Documents\Career\PeerGroup\Website-PeerGroup\website-project\public\index.php(37): CodeIgniter\CodeIgniter->run()
#9 C:\Users\tasya\OneDrive\Documents\Career\PeerGroup\Website-PeerGroup\website-project\vendor\codeigniter4\framework\system\Commands\Server\rewrite.php(43): require_once('C:\\Users\\tasya\\...')
#10 {main}
CRITICAL - 2022-07-13 05:38:38 --> Too few arguments to function App\Models\QuizModel::getsoal(), 0 passed in C:\Users\tasya\OneDrive\Documents\Career\PeerGroup\Website-PeerGroup\website-project\app\Controllers\Home.php on line 156 and exactly 1 expected
#0 C:\Users\tasya\OneDrive\Documents\Career\PeerGroup\Website-PeerGroup\website-project\app\Controllers\Home.php(156): App\Models\QuizModel->getsoal()
#1 C:\Users\tasya\OneDrive\Documents\Career\PeerGroup\Website-PeerGroup\website-project\vendor\codeigniter4\framework\system\CodeIgniter.php(832): App\Controllers\Home->quiz()
#2 C:\Users\tasya\OneDrive\Documents\Career\PeerGroup\Website-PeerGroup\website-project\vendor\codeigniter4\framework\system\CodeIgniter.php(419): CodeIgniter\CodeIgniter->runController(Object(App\Controllers\Home))
#3 C:\Users\tasya\OneDrive\Documents\Career\PeerGroup\Website-PeerGroup\website-project\vendor\codeigniter4\framework\system\CodeIgniter.php(326): CodeIgniter\CodeIgniter->handleRequest(NULL, Object(Config\Cache), false)
#4 C:\Users\tasya\OneDrive\Documents\Career\PeerGroup\Website-PeerGroup\website-project\public\index.php(37): CodeIgniter\CodeIgniter->run()
#5 C:\Users\tasya\OneDrive\Documents\Career\PeerGroup\Website-PeerGroup\website-project\vendor\codeigniter4\framework\system\Commands\Server\rewrite.php(43): require_once('C:\\Users\\tasya\\...')
#6 {main}
CRITICAL - 2022-07-13 05:43:34 --> Object of class CodeIgniter\Database\MySQLi\Result could not be converted to string
#0 C:\Users\tasya\OneDrive\Documents\Career\PeerGroup\Website-PeerGroup\website-project\app\Controllers\Home.php(156): App\Models\QuizModel->getsoal(Object(CodeIgniter\Database\MySQLi\Result))
#1 C:\Users\tasya\OneDrive\Documents\Career\PeerGroup\Website-PeerGroup\website-project\vendor\codeigniter4\framework\system\CodeIgniter.php(832): App\Controllers\Home->quiz()
#2 C:\Users\tasya\OneDrive\Documents\Career\PeerGroup\Website-PeerGroup\website-project\vendor\codeigniter4\framework\system\CodeIgniter.php(419): CodeIgniter\CodeIgniter->runController(Object(App\Controllers\Home))
#3 C:\Users\tasya\OneDrive\Documents\Career\PeerGroup\Website-PeerGroup\website-project\vendor\codeigniter4\framework\system\CodeIgniter.php(326): CodeIgniter\CodeIgniter->handleRequest(NULL, Object(Config\Cache), false)
#4 C:\Users\tasya\OneDrive\Documents\Career\PeerGroup\Website-PeerGroup\website-project\public\index.php(37): CodeIgniter\CodeIgniter->run()
#5 C:\Users\tasya\OneDrive\Documents\Career\PeerGroup\Website-PeerGroup\website-project\vendor\codeigniter4\framework\system\Commands\Server\rewrite.php(43): require_once('C:\\Users\\tasya\\...')
#6 {main}
CRITICAL - 2022-07-13 05:46:23 --> Undefined variable $artike
#0 C:\Users\tasya\OneDrive\Documents\Career\PeerGroup\Website-PeerGroup\website-project\app\Views\Frontend\artikel\detail-artikel.php(9): CodeIgniter\Debug\Exceptions->errorHandler(2, 'Undefined varia...', 'C:\\Users\\tasya\\...', 9)
#1 C:\Users\tasya\OneDrive\Documents\Career\PeerGroup\Website-PeerGroup\website-project\vendor\codeigniter4\framework\system\View\View.php(210): include('C:\\Users\\tasya\\...')
#2 C:\Users\tasya\OneDrive\Documents\Career\PeerGroup\Website-PeerGroup\website-project\vendor\codeigniter4\framework\system\View\View.php(213): CodeIgniter\View\View->CodeIgniter\View\{closure}()
#3 C:\Users\tasya\OneDrive\Documents\Career\PeerGroup\Website-PeerGroup\website-project\vendor\codeigniter4\framework\system\Common.php(1089): CodeIgniter\View\View->render('Frontend/artike...', Array, true)
#4 C:\Users\tasya\OneDrive\Documents\Career\PeerGroup\Website-PeerGroup\website-project\app\Controllers\Home.php(65): view('Frontend/artike...', Array)
#5 C:\Users\tasya\OneDrive\Documents\Career\PeerGroup\Website-PeerGroup\website-project\vendor\codeigniter4\framework\system\CodeIgniter.php(832): App\Controllers\Home->detart('i-made-eko-satr...')
#6 C:\Users\tasya\OneDrive\Documents\Career\PeerGroup\Website-PeerGroup\website-project\vendor\codeigniter4\framework\system\CodeIgniter.php(419): CodeIgniter\CodeIgniter->runController(Object(App\Controllers\Home))
#7 C:\Users\tasya\OneDrive\Documents\Career\PeerGroup\Website-PeerGroup\website-project\vendor\codeigniter4\framework\system\CodeIgniter.php(326): CodeIgniter\CodeIgniter->handleRequest(NULL, Object(Config\Cache), false)
#8 C:\Users\tasya\OneDrive\Documents\Career\PeerGroup\Website-PeerGroup\website-project\public\index.php(37): CodeIgniter\CodeIgniter->run()
#9 C:\Users\tasya\OneDrive\Documents\Career\PeerGroup\Website-PeerGroup\website-project\vendor\codeigniter4\framework\system\Commands\Server\rewrite.php(43): require_once('C:\\Users\\tasya\\...')
#10 {main}
CRITICAL - 2022-07-13 05:50:21 --> Undefined variable $quiz
#0 C:\Users\tasya\OneDrive\Documents\Career\PeerGroup\Website-PeerGroup\website-project\app\Views\Frontend\artikel\detail-artikel.php(9): CodeIgniter\Debug\Exceptions->errorHandler(2, 'Undefined varia...', 'C:\\Users\\tasya\\...', 9)
#1 C:\Users\tasya\OneDrive\Documents\Career\PeerGroup\Website-PeerGroup\website-project\vendor\codeigniter4\framework\system\View\View.php(210): include('C:\\Users\\tasya\\...')
#2 C:\Users\tasya\OneDrive\Documents\Career\PeerGroup\Website-PeerGroup\website-project\vendor\codeigniter4\framework\system\View\View.php(213): CodeIgniter\View\View->CodeIgniter\View\{closure}()
#3 C:\Users\tasya\OneDrive\Documents\Career\PeerGroup\Website-PeerGroup\website-project\vendor\codeigniter4\framework\system\Common.php(1089): CodeIgniter\View\View->render('Frontend/artike...', Array, true)
#4 C:\Users\tasya\OneDrive\Documents\Career\PeerGroup\Website-PeerGroup\website-project\app\Controllers\Home.php(65): view('Frontend/artike...', Array)
#5 C:\Users\tasya\OneDrive\Documents\Career\PeerGroup\Website-PeerGroup\website-project\vendor\codeigniter4\framework\system\CodeIgniter.php(832): App\Controllers\Home->detart('i-made-eko-satr...')
#6 C:\Users\tasya\OneDrive\Documents\Career\PeerGroup\Website-PeerGroup\website-project\vendor\codeigniter4\framework\system\CodeIgniter.php(419): CodeIgniter\CodeIgniter->runController(Object(App\Controllers\Home))
#7 C:\Users\tasya\OneDrive\Documents\Career\PeerGroup\Website-PeerGroup\website-project\vendor\codeigniter4\framework\system\CodeIgniter.php(326): CodeIgniter\CodeIgniter->handleRequest(NULL, Object(Config\Cache), false)
#8 C:\Users\tasya\OneDrive\Documents\Career\PeerGroup\Website-PeerGroup\website-project\public\index.php(37): CodeIgniter\CodeIgniter->run()
#9 C:\Users\tasya\OneDrive\Documents\Career\PeerGroup\Website-PeerGroup\website-project\vendor\codeigniter4\framework\system\Commands\Server\rewrite.php(43): require_once('C:\\Users\\tasya\\...')
#10 {main}
CRITICAL - 2022-07-13 05:55:32 --> Invalid file: Frontend/artikel/detail-artike.php
#0 C:\Users\tasya\OneDrive\Documents\Career\PeerGroup\Website-PeerGroup\website-project\vendor\codeigniter4\framework\system\View\View.php(198): CodeIgniter\Exceptions\FrameworkException::forInvalidFile('Frontend/artike...')
#1 C:\Users\tasya\OneDrive\Documents\Career\PeerGroup\Website-PeerGroup\website-project\vendor\codeigniter4\framework\system\Common.php(1089): CodeIgniter\View\View->render('Frontend/artike...', Array, true)
#2 C:\Users\tasya\OneDrive\Documents\Career\PeerGroup\Website-PeerGroup\website-project\app\Controllers\Home.php(65): view('Frontend/artike...', Array)
#3 C:\Users\tasya\OneDrive\Documents\Career\PeerGroup\Website-PeerGroup\website-project\vendor\codeigniter4\framework\system\CodeIgniter.php(832): App\Controllers\Home->detart('i-made-eko-satr...')
#4 C:\Users\tasya\OneDrive\Documents\Career\PeerGroup\Website-PeerGroup\website-project\vendor\codeigniter4\framework\system\CodeIgniter.php(419): CodeIgniter\CodeIgniter->runController(Object(App\Controllers\Home))
#5 C:\Users\tasya\OneDrive\Documents\Career\PeerGroup\Website-PeerGroup\website-project\vendor\codeigniter4\framework\system\CodeIgniter.php(326): CodeIgniter\CodeIgniter->handleRequest(NULL, Object(Config\Cache), false)
#6 C:\Users\tasya\OneDrive\Documents\Career\PeerGroup\Website-PeerGroup\website-project\public\index.php(37): CodeIgniter\CodeIgniter->run()
#7 C:\Users\tasya\OneDrive\Documents\Career\PeerGroup\Website-PeerGroup\website-project\vendor\codeigniter4\framework\system\Commands\Server\rewrite.php(43): require_once('C:\\Users\\tasya\\...')
#8 {main}
CRITICAL - 2022-07-13 05:57:28 --> Undefined array key "judul"
#0 C:\Users\tasya\OneDrive\Documents\Career\PeerGroup\Website-PeerGroup\website-project\app\Views\Frontend\quiz\quiz.php(19): CodeIgniter\Debug\Exceptions->errorHandler(2, 'Undefined array...', 'C:\\Users\\tasya\\...', 19)
#1 C:\Users\tasya\OneDrive\Documents\Career\PeerGroup\Website-PeerGroup\website-project\vendor\codeigniter4\framework\system\View\View.php(210): include('C:\\Users\\tasya\\...')
#2 C:\Users\tasya\OneDrive\Documents\Career\PeerGroup\Website-PeerGroup\website-project\vendor\codeigniter4\framework\system\View\View.php(213): CodeIgniter\View\View->CodeIgniter\View\{closure}()
#3 C:\Users\tasya\OneDrive\Documents\Career\PeerGroup\Website-PeerGroup\website-project\vendor\codeigniter4\framework\system\Common.php(1089): CodeIgniter\View\View->render('Frontend/quiz/q...', Array, true)
#4 C:\Users\tasya\OneDrive\Documents\Career\PeerGroup\Website-PeerGroup\website-project\app\Controllers\Home.php(192): view('Frontend/quiz/q...', Array)
#5 C:\Users\tasya\OneDrive\Documents\Career\PeerGroup\Website-PeerGroup\website-project\vendor\codeigniter4\framework\system\CodeIgniter.php(832): App\Controllers\Home->quiz()
#6 C:\Users\tasya\OneDrive\Documents\Career\PeerGroup\Website-PeerGroup\website-project\vendor\codeigniter4\framework\system\CodeIgniter.php(419): CodeIgniter\CodeIgniter->runController(Object(App\Controllers\Home))
#7 C:\Users\tasya\OneDrive\Documents\Career\PeerGroup\Website-PeerGroup\website-project\vendor\codeigniter4\framework\system\CodeIgniter.php(326): CodeIgniter\CodeIgniter->handleRequest(NULL, Object(Config\Cache), false)
#8 C:\Users\tasya\OneDrive\Documents\Career\PeerGroup\Website-PeerGroup\website-project\public\index.php(37): CodeIgniter\CodeIgniter->run()
#9 C:\Users\tasya\OneDrive\Documents\Career\PeerGroup\Website-PeerGroup\website-project\vendor\codeigniter4\framework\system\Commands\Server\rewrite.php(43): require_once('C:\\Users\\tasya\\...')
#10 {main}
CRITICAL - 2022-07-13 06:03:48 --> Undefined property: stdClass::$judul
#0 C:\Users\tasya\OneDrive\Documents\Career\PeerGroup\Website-PeerGroup\website-project\app\Controllers\Home.php(203): CodeIgniter\Debug\Exceptions->errorHandler(2, 'Undefined prope...', 'C:\\Users\\tasya\\...', 203)
#1 C:\Users\tasya\OneDrive\Documents\Career\PeerGroup\Website-PeerGroup\website-project\vendor\codeigniter4\framework\system\CodeIgniter.php(832): App\Controllers\Home->detquiz('1')
#2 C:\Users\tasya\OneDrive\Documents\Career\PeerGroup\Website-PeerGroup\website-project\vendor\codeigniter4\framework\system\CodeIgniter.php(419): CodeIgniter\CodeIgniter->runController(Object(App\Controllers\Home))
#3 C:\Users\tasya\OneDrive\Documents\Career\PeerGroup\Website-PeerGroup\website-project\vendor\codeigniter4\framework\system\CodeIgniter.php(326): CodeIgniter\CodeIgniter->handleRequest(NULL, Object(Config\Cache), false)
#4 C:\Users\tasya\OneDrive\Documents\Career\PeerGroup\Website-PeerGroup\website-project\public\index.php(37): CodeIgniter\CodeIgniter->run()
#5 C:\Users\tasya\OneDrive\Documents\Career\PeerGroup\Website-PeerGroup\website-project\vendor\codeigniter4\framework\system\Commands\Server\rewrite.php(43): require_once('C:\\Users\\tasya\\...')
#6 {main}
CRITICAL - 2022-07-13 06:04:19 --> Undefined property: stdClass::$judul
#0 C:\Users\tasya\OneDrive\Documents\Career\PeerGroup\Website-PeerGroup\website-project\app\Controllers\Home.php(203): CodeIgniter\Debug\Exceptions->errorHandler(2, 'Undefined prope...', 'C:\\Users\\tasya\\...', 203)
#1 C:\Users\tasya\OneDrive\Documents\Career\PeerGroup\Website-PeerGroup\website-project\vendor\codeigniter4\framework\system\CodeIgniter.php(832): App\Controllers\Home->detquiz('1')
#2 C:\Users\tasya\OneDrive\Documents\Career\PeerGroup\Website-PeerGroup\website-project\vendor\codeigniter4\framework\system\CodeIgniter.php(419): CodeIgniter\CodeIgniter->runController(Object(App\Controllers\Home))
#3 C:\Users\tasya\OneDrive\Documents\Career\PeerGroup\Website-PeerGroup\website-project\vendor\codeigniter4\framework\system\CodeIgniter.php(326): CodeIgniter\CodeIgniter->handleRequest(NULL, Object(Config\Cache), false)
#4 C:\Users\tasya\OneDrive\Documents\Career\PeerGroup\Website-PeerGroup\website-project\public\index.php(37): CodeIgniter\CodeIgniter->run()
#5 C:\Users\tasya\OneDrive\Documents\Career\PeerGroup\Website-PeerGroup\website-project\vendor\codeigniter4\framework\system\Commands\Server\rewrite.php(43): require_once('C:\\Users\\tasya\\...')
#6 {main}
CRITICAL - 2022-07-13 06:07:05 --> Undefined variable $id
#0 C:\Users\tasya\OneDrive\Documents\Career\PeerGroup\Website-PeerGroup\website-project\app\Models\QuizModel.php(22): CodeIgniter\Debug\Exceptions->errorHandler(2, 'Undefined varia...', 'C:\\Users\\tasya\\...', 22)
#1 C:\Users\tasya\OneDrive\Documents\Career\PeerGroup\Website-PeerGroup\website-project\app\Controllers\Home.php(199): App\Models\QuizModel->getsoal('1')
#2 C:\Users\tasya\OneDrive\Documents\Career\PeerGroup\Website-PeerGroup\website-project\vendor\codeigniter4\framework\system\CodeIgniter.php(832): App\Controllers\Home->detquiz('1')
#3 C:\Users\tasya\OneDrive\Documents\Career\PeerGroup\Website-PeerGroup\website-project\vendor\codeigniter4\framework\system\CodeIgniter.php(419): CodeIgniter\CodeIgniter->runController(Object(App\Controllers\Home))
#4 C:\Users\tasya\OneDrive\Documents\Career\PeerGroup\Website-PeerGroup\website-project\vendor\codeigniter4\framework\system\CodeIgniter.php(326): CodeIgniter\CodeIgniter->handleRequest(NULL, Object(Config\Cache), false)
#5 C:\Users\tasya\OneDrive\Documents\Career\PeerGroup\Website-PeerGroup\website-project\public\index.php(37): CodeIgniter\CodeIgniter->run()
#6 C:\Users\tasya\OneDrive\Documents\Career\PeerGroup\Website-PeerGroup\website-project\vendor\codeigniter4\framework\system\Commands\Server\rewrite.php(43): require_once('C:\\Users\\tasya\\...')
#7 {main}
CRITICAL - 2022-07-13 06:07:19 --> syntax error, unexpected token "%", expecting variable
#0 C:\Users\tasya\OneDrive\Documents\Career\PeerGroup\Website-PeerGroup\website-project\vendor\codeigniter4\framework\system\Autoloader\Autoloader.php(241): CodeIgniter\Autoloader\Autoloader->includeFile('C:\\Users\\tasya\\...')
#1 C:\Users\tasya\OneDrive\Documents\Career\PeerGroup\Website-PeerGroup\website-project\vendor\codeigniter4\framework\system\Autoloader\Autoloader.php(219): CodeIgniter\Autoloader\Autoloader->loadInNamespace('App\\Models\\Quiz...')
#2 C:\Users\tasya\OneDrive\Documents\Career\PeerGroup\Website-PeerGroup\website-project\app\Controllers\Home.php(20): CodeIgniter\Autoloader\Autoloader->loadClass('App\\Models\\Quiz...')
#3 C:\Users\tasya\OneDrive\Documents\Career\PeerGroup\Website-PeerGroup\website-project\vendor\codeigniter4\framework\system\CodeIgniter.php(809): App\Controllers\Home->__construct()
#4 C:\Users\tasya\OneDrive\Documents\Career\PeerGroup\Website-PeerGroup\website-project\vendor\codeigniter4\framework\system\CodeIgniter.php(410): CodeIgniter\CodeIgniter->createController()
#5 C:\Users\tasya\OneDrive\Documents\Career\PeerGroup\Website-PeerGroup\website-project\vendor\codeigniter4\framework\system\CodeIgniter.php(326): CodeIgniter\CodeIgniter->handleRequest(NULL, Object(Config\Cache), false)
#6 C:\Users\tasya\OneDrive\Documents\Career\PeerGroup\Website-PeerGroup\website-project\public\index.php(37): CodeIgniter\CodeIgniter->run()
#7 C:\Users\tasya\OneDrive\Documents\Career\PeerGroup\Website-PeerGroup\website-project\vendor\codeigniter4\framework\system\Commands\Server\rewrite.php(43): require_once('C:\\Users\\tasya\\...')
#8 {main}
CRITICAL - 2022-07-13 06:07:26 --> Undefined property: stdClass::$judul
#0 C:\Users\tasya\OneDrive\Documents\Career\PeerGroup\Website-PeerGroup\website-project\app\Controllers\Home.php(203): CodeIgniter\Debug\Exceptions->errorHandler(2, 'Undefined prope...', 'C:\\Users\\tasya\\...', 203)
#1 C:\Users\tasya\OneDrive\Documents\Career\PeerGroup\Website-PeerGroup\website-project\vendor\codeigniter4\framework\system\CodeIgniter.php(832): App\Controllers\Home->detquiz('1')
#2 C:\Users\tasya\OneDrive\Documents\Career\PeerGroup\Website-PeerGroup\website-project\vendor\codeigniter4\framework\system\CodeIgniter.php(419): CodeIgniter\CodeIgniter->runController(Object(App\Controllers\Home))
#3 C:\Users\tasya\OneDrive\Documents\Career\PeerGroup\Website-PeerGroup\website-project\vendor\codeigniter4\framework\system\CodeIgniter.php(326): CodeIgniter\CodeIgniter->handleRequest(NULL, Object(Config\Cache), false)
#4 C:\Users\tasya\OneDrive\Documents\Career\PeerGroup\Website-PeerGroup\website-project\public\index.php(37): CodeIgniter\CodeIgniter->run()
#5 C:\Users\tasya\OneDrive\Documents\Career\PeerGroup\Website-PeerGroup\website-project\vendor\codeigniter4\framework\system\Commands\Server\rewrite.php(43): require_once('C:\\Users\\tasya\\...')
#6 {main}
CRITICAL - 2022-07-13 06:09:48 --> Undefined array key "judul"
#0 C:\Users\tasya\OneDrive\Documents\Career\PeerGroup\Website-PeerGroup\website-project\app\Views\Frontend\quiz\detail-quiz.php(11): CodeIgniter\Debug\Exceptions->errorHandler(2, 'Undefined array...', 'C:\\Users\\tasya\\...', 11)
#1 C:\Users\tasya\OneDrive\Documents\Career\PeerGroup\Website-PeerGroup\website-project\vendor\codeigniter4\framework\system\View\View.php(210): include('C:\\Users\\tasya\\...')
#2 C:\Users\tasya\OneDrive\Documents\Career\PeerGroup\Website-PeerGroup\website-project\vendor\codeigniter4\framework\system\View\View.php(213): CodeIgniter\View\View->CodeIgniter\View\{closure}()
#3 C:\Users\tasya\OneDrive\Documents\Career\PeerGroup\Website-PeerGroup\website-project\vendor\codeigniter4\framework\system\Common.php(1089): CodeIgniter\View\View->render('Frontend/quiz/d...', Array, true)
#4 C:\Users\tasya\OneDrive\Documents\Career\PeerGroup\Website-PeerGroup\website-project\app\Controllers\Home.php(216): view('Frontend/quiz/d...', Array)
#5 C:\Users\tasya\OneDrive\Documents\Career\PeerGroup\Website-PeerGroup\website-project\vendor\codeigniter4\framework\system\CodeIgniter.php(832): App\Controllers\Home->detquiz('1')
#6 C:\Users\tasya\OneDrive\Documents\Career\PeerGroup\Website-PeerGroup\website-project\vendor\codeigniter4\framework\system\CodeIgniter.php(419): CodeIgniter\CodeIgniter->runController(Object(App\Controllers\Home))
#7 C:\Users\tasya\OneDrive\Documents\Career\PeerGroup\Website-PeerGroup\website-project\vendor\codeigniter4\framework\system\CodeIgniter.php(326): CodeIgniter\CodeIgniter->handleRequest(NULL, Object(Config\Cache), false)
#8 C:\Users\tasya\OneDrive\Documents\Career\PeerGroup\Website-PeerGroup\website-project\public\index.php(37): CodeIgniter\CodeIgniter->run()
#9 C:\Users\tasya\OneDrive\Documents\Career\PeerGroup\Website-PeerGroup\website-project\vendor\codeigniter4\framework\system\Commands\Server\rewrite.php(43): require_once('C:\\Users\\tasya\\...')
#10 {main}
CRITICAL - 2022-07-13 06:11:23 --> Undefined variable $quiz
#0 C:\Users\tasya\OneDrive\Documents\Career\PeerGroup\Website-PeerGroup\website-project\app\Views\Frontend\quiz\detail-quiz.php(9): CodeIgniter\Debug\Exceptions->errorHandler(2, 'Undefined varia...', 'C:\\Users\\tasya\\...', 9)
#1 C:\Users\tasya\OneDrive\Documents\Career\PeerGroup\Website-PeerGroup\website-project\vendor\codeigniter4\framework\system\View\View.php(210): include('C:\\Users\\tasya\\...')
#2 C:\Users\tasya\OneDrive\Documents\Career\PeerGroup\Website-PeerGroup\website-project\vendor\codeigniter4\framework\system\View\View.php(213): CodeIgniter\View\View->CodeIgniter\View\{closure}()
#3 C:\Users\tasya\OneDrive\Documents\Career\PeerGroup\Website-PeerGroup\website-project\vendor\codeigniter4\framework\system\Common.php(1089): CodeIgniter\View\View->render('Frontend/quiz/d...', Array, true)
#4 C:\Users\tasya\OneDrive\Documents\Career\PeerGroup\Website-PeerGroup\website-project\app\Controllers\Home.php(216): view('Frontend/quiz/d...', Array)
#5 C:\Users\tasya\OneDrive\Documents\Career\PeerGroup\Website-PeerGroup\website-project\vendor\codeigniter4\framework\system\CodeIgniter.php(832): App\Controllers\Home->detquiz('1')
#6 C:\Users\tasya\OneDrive\Documents\Career\PeerGroup\Website-PeerGroup\website-project\vendor\codeigniter4\framework\system\CodeIgniter.php(419): CodeIgniter\CodeIgniter->runController(Object(App\Controllers\Home))
#7 C:\Users\tasya\OneDrive\Documents\Career\PeerGroup\Website-PeerGroup\website-project\vendor\codeigniter4\framework\system\CodeIgniter.php(326): CodeIgniter\CodeIgniter->handleRequest(NULL, Object(Config\Cache), false)
#8 C:\Users\tasya\OneDrive\Documents\Career\PeerGroup\Website-PeerGroup\website-project\public\index.php(37): CodeIgniter\CodeIgniter->run()
#9 C:\Users\tasya\OneDrive\Documents\Career\PeerGroup\Website-PeerGroup\website-project\vendor\codeigniter4\framework\system\Commands\Server\rewrite.php(43): require_once('C:\\Users\\tasya\\...')
#10 {main}
CRITICAL - 2022-07-13 06:11:39 --> Undefined variable $soal
#0 C:\Users\tasya\OneDrive\Documents\Career\PeerGroup\Website-PeerGroup\website-project\app\Views\Frontend\quiz\detail-quiz.php(9): CodeIgniter\Debug\Exceptions->errorHandler(2, 'Undefined varia...', 'C:\\Users\\tasya\\...', 9)
#1 C:\Users\tasya\OneDrive\Documents\Career\PeerGroup\Website-PeerGroup\website-project\vendor\codeigniter4\framework\system\View\View.php(210): include('C:\\Users\\tasya\\...')
#2 C:\Users\tasya\OneDrive\Documents\Career\PeerGroup\Website-PeerGroup\website-project\vendor\codeigniter4\framework\system\View\View.php(213): CodeIgniter\View\View->CodeIgniter\View\{closure}()
#3 C:\Users\tasya\OneDrive\Documents\Career\PeerGroup\Website-PeerGroup\website-project\vendor\codeigniter4\framework\system\Common.php(1089): CodeIgniter\View\View->render('Frontend/quiz/d...', Array, true)
#4 C:\Users\tasya\OneDrive\Documents\Career\PeerGroup\Website-PeerGroup\website-project\app\Controllers\Home.php(216): view('Frontend/quiz/d...', Array)
#5 C:\Users\tasya\OneDrive\Documents\Career\PeerGroup\Website-PeerGroup\website-project\vendor\codeigniter4\framework\system\CodeIgniter.php(832): App\Controllers\Home->detquiz('1')
#6 C:\Users\tasya\OneDrive\Documents\Career\PeerGroup\Website-PeerGroup\website-project\vendor\codeigniter4\framework\system\CodeIgniter.php(419): CodeIgniter\CodeIgniter->runController(Object(App\Controllers\Home))
#7 C:\Users\tasya\OneDrive\Documents\Career\PeerGroup\Website-PeerGroup\website-project\vendor\codeigniter4\framework\system\CodeIgniter.php(326): CodeIgniter\CodeIgniter->handleRequest(NULL, Object(Config\Cache), false)
#8 C:\Users\tasya\OneDrive\Documents\Career\PeerGroup\Website-PeerGroup\website-project\public\index.php(37): CodeIgniter\CodeIgniter->run()
#9 C:\Users\tasya\OneDrive\Documents\Career\PeerGroup\Website-PeerGroup\website-project\vendor\codeigniter4\framework\system\Commands\Server\rewrite.php(43): require_once('C:\\Users\\tasya\\...')
#10 {main}
CRITICAL - 2022-07-13 06:11:45 --> Undefined variable $quiz
#0 C:\Users\tasya\OneDrive\Documents\Career\PeerGroup\Website-PeerGroup\website-project\app\Views\Frontend\quiz\detail-quiz.php(9): CodeIgniter\Debug\Exceptions->errorHandler(2, 'Undefined varia...', 'C:\\Users\\tasya\\...', 9)
#1 C:\Users\tasya\OneDrive\Documents\Career\PeerGroup\Website-PeerGroup\website-project\vendor\codeigniter4\framework\system\View\View.php(210): include('C:\\Users\\tasya\\...')
#2 C:\Users\tasya\OneDrive\Documents\Career\PeerGroup\Website-PeerGroup\website-project\vendor\codeigniter4\framework\system\View\View.php(213): CodeIgniter\View\View->CodeIgniter\View\{closure}()
#3 C:\Users\tasya\OneDrive\Documents\Career\PeerGroup\Website-PeerGroup\website-project\vendor\codeigniter4\framework\system\Common.php(1089): CodeIgniter\View\View->render('Frontend/quiz/d...', Array, true)
#4 C:\Users\tasya\OneDrive\Documents\Career\PeerGroup\Website-PeerGroup\website-project\app\Controllers\Home.php(216): view('Frontend/quiz/d...', Array)
#5 C:\Users\tasya\OneDrive\Documents\Career\PeerGroup\Website-PeerGroup\website-project\vendor\codeigniter4\framework\system\CodeIgniter.php(832): App\Controllers\Home->detquiz('1')
#6 C:\Users\tasya\OneDrive\Documents\Career\PeerGroup\Website-PeerGroup\website-project\vendor\codeigniter4\framework\system\CodeIgniter.php(419): CodeIgniter\CodeIgniter->runController(Object(App\Controllers\Home))
#7 C:\Users\tasya\OneDrive\Documents\Career\PeerGroup\Website-PeerGroup\website-project\vendor\codeigniter4\framework\system\CodeIgniter.php(326): CodeIgniter\CodeIgniter->handleRequest(NULL, Object(Config\Cache), false)
#8 C:\Users\tasya\OneDrive\Documents\Career\PeerGroup\Website-PeerGroup\website-project\public\index.php(37): CodeIgniter\CodeIgniter->run()
#9 C:\Users\tasya\OneDrive\Documents\Career\PeerGroup\Website-PeerGroup\website-project\vendor\codeigniter4\framework\system\Commands\Server\rewrite.php(43): require_once('C:\\Users\\tasya\\...')
#10 {main}
CRITICAL - 2022-07-13 06:12:03 --> Undefined variable $jwb
#0 C:\Users\tasya\OneDrive\Documents\Career\PeerGroup\Website-PeerGroup\website-project\app\Views\Frontend\quiz\detail-quiz.php(9): CodeIgniter\Debug\Exceptions->errorHandler(2, 'Undefined varia...', 'C:\\Users\\tasya\\...', 9)
#1 C:\Users\tasya\OneDrive\Documents\Career\PeerGroup\Website-PeerGroup\website-project\vendor\codeigniter4\framework\system\View\View.php(210): include('C:\\Users\\tasya\\...')
#2 C:\Users\tasya\OneDrive\Documents\Career\PeerGroup\Website-PeerGroup\website-project\vendor\codeigniter4\framework\system\View\View.php(213): CodeIgniter\View\View->CodeIgniter\View\{closure}()
#3 C:\Users\tasya\OneDrive\Documents\Career\PeerGroup\Website-PeerGroup\website-project\vendor\codeigniter4\framework\system\Common.php(1089): CodeIgniter\View\View->render('Frontend/quiz/d...', Array, true)
#4 C:\Users\tasya\OneDrive\Documents\Career\PeerGroup\Website-PeerGroup\website-project\app\Controllers\Home.php(216): view('Frontend/quiz/d...', Array)
#5 C:\Users\tasya\OneDrive\Documents\Career\PeerGroup\Website-PeerGroup\website-project\vendor\codeigniter4\framework\system\CodeIgniter.php(832): App\Controllers\Home->detquiz('1')
#6 C:\Users\tasya\OneDrive\Documents\Career\PeerGroup\Website-PeerGroup\website-project\vendor\codeigniter4\framework\system\CodeIgniter.php(419): CodeIgniter\CodeIgniter->runController(Object(App\Controllers\Home))
#7 C:\Users\tasya\OneDrive\Documents\Career\PeerGroup\Website-PeerGroup\website-project\vendor\codeigniter4\framework\system\CodeIgniter.php(326): CodeIgniter\CodeIgniter->handleRequest(NULL, Object(Config\Cache), false)
#8 C:\Users\tasya\OneDrive\Documents\Career\PeerGroup\Website-PeerGroup\website-project\public\index.php(37): CodeIgniter\CodeIgniter->run()
#9 C:\Users\tasya\OneDrive\Documents\Career\PeerGroup\Website-PeerGroup\website-project\vendor\codeigniter4\framework\system\Commands\Server\rewrite.php(43): require_once('C:\\Users\\tasya\\...')
#10 {main}
CRITICAL - 2022-07-13 06:12:18 --> Undefined variable $detquiz
#0 C:\Users\tasya\OneDrive\Documents\Career\PeerGroup\Website-PeerGroup\website-project\app\Views\Frontend\quiz\detail-quiz.php(9): CodeIgniter\Debug\Exceptions->errorHandler(2, 'Undefined varia...', 'C:\\Users\\tasya\\...', 9)
#1 C:\Users\tasya\OneDrive\Documents\Career\PeerGroup\Website-PeerGroup\website-project\vendor\codeigniter4\framework\system\View\View.php(210): include('C:\\Users\\tasya\\...')
#2 C:\Users\tasya\OneDrive\Documents\Career\PeerGroup\Website-PeerGroup\website-project\vendor\codeigniter4\framework\system\View\View.php(213): CodeIgniter\View\View->CodeIgniter\View\{closure}()
#3 C:\Users\tasya\OneDrive\Documents\Career\PeerGroup\Website-PeerGroup\website-project\vendor\codeigniter4\framework\system\Common.php(1089): CodeIgniter\View\View->render('Frontend/quiz/d...', Array, true)
#4 C:\Users\tasya\OneDrive\Documents\Career\PeerGroup\Website-PeerGroup\website-project\app\Controllers\Home.php(216): view('Frontend/quiz/d...', Array)
#5 C:\Users\tasya\OneDrive\Documents\Career\PeerGroup\Website-PeerGroup\website-project\vendor\codeigniter4\framework\system\CodeIgniter.php(832): App\Controllers\Home->detquiz('1')
#6 C:\Users\tasya\OneDrive\Documents\Career\PeerGroup\Website-PeerGroup\website-project\vendor\codeigniter4\framework\system\CodeIgniter.php(419): CodeIgniter\CodeIgniter->runController(Object(App\Controllers\Home))
#7 C:\Users\tasya\OneDrive\Documents\Career\PeerGroup\Website-PeerGroup\website-project\vendor\codeigniter4\framework\system\CodeIgniter.php(326): CodeIgniter\CodeIgniter->handleRequest(NULL, Object(Config\Cache), false)
#8 C:\Users\tasya\OneDrive\Documents\Career\PeerGroup\Website-PeerGroup\website-project\public\index.php(37): CodeIgniter\CodeIgniter->run()
#9 C:\Users\tasya\OneDrive\Documents\Career\PeerGroup\Website-PeerGroup\website-project\vendor\codeigniter4\framework\system\Commands\Server\rewrite.php(43): require_once('C:\\Users\\tasya\\...')
#10 {main}
CRITICAL - 2022-07-13 06:13:05 --> Call to a member function getResultArray() on string
#0 C:\Users\tasya\OneDrive\Documents\Career\PeerGroup\Website-PeerGroup\website-project\vendor\codeigniter4\framework\system\View\View.php(210): include()
#1 C:\Users\tasya\OneDrive\Documents\Career\PeerGroup\Website-PeerGroup\website-project\vendor\codeigniter4\framework\system\View\View.php(213): CodeIgniter\View\View->CodeIgniter\View\{closure}()
#2 C:\Users\tasya\OneDrive\Documents\Career\PeerGroup\Website-PeerGroup\website-project\vendor\codeigniter4\framework\system\Common.php(1089): CodeIgniter\View\View->render('Frontend/quiz/d...', Array, true)
#3 C:\Users\tasya\OneDrive\Documents\Career\PeerGroup\Website-PeerGroup\website-project\app\Controllers\Home.php(216): view('Frontend/quiz/d...', Array)
#4 C:\Users\tasya\OneDrive\Documents\Career\PeerGroup\Website-PeerGroup\website-project\vendor\codeigniter4\framework\system\CodeIgniter.php(832): App\Controllers\Home->detquiz('1')
#5 C:\Users\tasya\OneDrive\Documents\Career\PeerGroup\Website-PeerGroup\website-project\vendor\codeigniter4\framework\system\CodeIgniter.php(419): CodeIgniter\CodeIgniter->runController(Object(App\Controllers\Home))
#6 C:\Users\tasya\OneDrive\Documents\Career\PeerGroup\Website-PeerGroup\website-project\vendor\codeigniter4\framework\system\CodeIgniter.php(326): CodeIgniter\CodeIgniter->handleRequest(NULL, Object(Config\Cache), false)
#7 C:\Users\tasya\OneDrive\Documents\Career\PeerGroup\Website-PeerGroup\website-project\public\index.php(37): CodeIgniter\CodeIgniter->run()
#8 C:\Users\tasya\OneDrive\Documents\Career\PeerGroup\Website-PeerGroup\website-project\vendor\codeigniter4\framework\system\Commands\Server\rewrite.php(43): require_once('C:\\Users\\tasya\\...')
#9 {main}
CRITICAL - 2022-07-13 06:13:32 --> Undefined variable $list
#0 C:\Users\tasya\OneDrive\Documents\Career\PeerGroup\Website-PeerGroup\website-project\app\Views\Frontend\quiz\detail-quiz.php(9): CodeIgniter\Debug\Exceptions->errorHandler(2, 'Undefined varia...', 'C:\\Users\\tasya\\...', 9)
#1 C:\Users\tasya\OneDrive\Documents\Career\PeerGroup\Website-PeerGroup\website-project\vendor\codeigniter4\framework\system\View\View.php(210): include('C:\\Users\\tasya\\...')
#2 C:\Users\tasya\OneDrive\Documents\Career\PeerGroup\Website-PeerGroup\website-project\vendor\codeigniter4\framework\system\View\View.php(213): CodeIgniter\View\View->CodeIgniter\View\{closure}()
#3 C:\Users\tasya\OneDrive\Documents\Career\PeerGroup\Website-PeerGroup\website-project\vendor\codeigniter4\framework\system\Common.php(1089): CodeIgniter\View\View->render('Frontend/quiz/d...', Array, true)
#4 C:\Users\tasya\OneDrive\Documents\Career\PeerGroup\Website-PeerGroup\website-project\app\Controllers\Home.php(216): view('Frontend/quiz/d...', Array)
#5 C:\Users\tasya\OneDrive\Documents\Career\PeerGroup\Website-PeerGroup\website-project\vendor\codeigniter4\framework\system\CodeIgniter.php(832): App\Controllers\Home->detquiz('1')
#6 C:\Users\tasya\OneDrive\Documents\Career\PeerGroup\Website-PeerGroup\website-project\vendor\codeigniter4\framework\system\CodeIgniter.php(419): CodeIgniter\CodeIgniter->runController(Object(App\Controllers\Home))
#7 C:\Users\tasya\OneDrive\Documents\Career\PeerGroup\Website-PeerGroup\website-project\vendor\codeigniter4\framework\system\CodeIgniter.php(326): CodeIgniter\CodeIgniter->handleRequest(NULL, Object(Config\Cache), false)
#8 C:\Users\tasya\OneDrive\Documents\Career\PeerGroup\Website-PeerGroup\website-project\public\index.php(37): CodeIgniter\CodeIgniter->run()
#9 C:\Users\tasya\OneDrive\Documents\Career\PeerGroup\Website-PeerGroup\website-project\vendor\codeigniter4\framework\system\Commands\Server\rewrite.php(43): require_once('C:\\Users\\tasya\\...')
#10 {main}
CRITICAL - 2022-07-13 06:13:39 --> Call to a member function getResultArray() on string
#0 C:\Users\tasya\OneDrive\Documents\Career\PeerGroup\Website-PeerGroup\website-project\vendor\codeigniter4\framework\system\View\View.php(210): include()
#1 C:\Users\tasya\OneDrive\Documents\Career\PeerGroup\Website-PeerGroup\website-project\vendor\codeigniter4\framework\system\View\View.php(213): CodeIgniter\View\View->CodeIgniter\View\{closure}()
#2 C:\Users\tasya\OneDrive\Documents\Career\PeerGroup\Website-PeerGroup\website-project\vendor\codeigniter4\framework\system\Common.php(1089): CodeIgniter\View\View->render('Frontend/quiz/d...', Array, true)
#3 C:\Users\tasya\OneDrive\Documents\Career\PeerGroup\Website-PeerGroup\website-project\app\Controllers\Home.php(216): view('Frontend/quiz/d...', Array)
#4 C:\Users\tasya\OneDrive\Documents\Career\PeerGroup\Website-PeerGroup\website-project\vendor\codeigniter4\framework\system\CodeIgniter.php(832): App\Controllers\Home->detquiz('1')
#5 C:\Users\tasya\OneDrive\Documents\Career\PeerGroup\Website-PeerGroup\website-project\vendor\codeigniter4\framework\system\CodeIgniter.php(419): CodeIgniter\CodeIgniter->runController(Object(App\Controllers\Home))
#6 C:\Users\tasya\OneDrive\Documents\Career\PeerGroup\Website-PeerGroup\website-project\vendor\codeigniter4\framework\system\CodeIgniter.php(326): CodeIgniter\CodeIgniter->handleRequest(NULL, Object(Config\Cache), false)
#7 C:\Users\tasya\OneDrive\Documents\Career\PeerGroup\Website-PeerGroup\website-project\public\index.php(37): CodeIgniter\CodeIgniter->run()
#8 C:\Users\tasya\OneDrive\Documents\Career\PeerGroup\Website-PeerGroup\website-project\vendor\codeigniter4\framework\system\Commands\Server\rewrite.php(43): require_once('C:\\Users\\tasya\\...')
#9 {main}
CRITICAL - 2022-07-13 06:15:14 --> Undefined variable $list
#0 C:\Users\tasya\OneDrive\Documents\Career\PeerGroup\Website-PeerGroup\website-project\app\Views\Frontend\quiz\detail-quiz.php(9): CodeIgniter\Debug\Exceptions->errorHandler(2, 'Undefined varia...', 'C:\\Users\\tasya\\...', 9)
#1 C:\Users\tasya\OneDrive\Documents\Career\PeerGroup\Website-PeerGroup\website-project\vendor\codeigniter4\framework\system\View\View.php(210): include('C:\\Users\\tasya\\...')
#2 C:\Users\tasya\OneDrive\Documents\Career\PeerGroup\Website-PeerGroup\website-project\vendor\codeigniter4\framework\system\View\View.php(213): CodeIgniter\View\View->CodeIgniter\View\{closure}()
#3 C:\Users\tasya\OneDrive\Documents\Career\PeerGroup\Website-PeerGroup\website-project\vendor\codeigniter4\framework\system\Common.php(1089): CodeIgniter\View\View->render('Frontend/quiz/d...', Array, true)
#4 C:\Users\tasya\OneDrive\Documents\Career\PeerGroup\Website-PeerGroup\website-project\app\Controllers\Home.php(216): view('Frontend/quiz/d...', Array)
#5 C:\Users\tasya\OneDrive\Documents\Career\PeerGroup\Website-PeerGroup\website-project\vendor\codeigniter4\framework\system\CodeIgniter.php(832): App\Controllers\Home->detquiz('1')
#6 C:\Users\tasya\OneDrive\Documents\Career\PeerGroup\Website-PeerGroup\website-project\vendor\codeigniter4\framework\system\CodeIgniter.php(419): CodeIgniter\CodeIgniter->runController(Object(App\Controllers\Home))
#7 C:\Users\tasya\OneDrive\Documents\Career\PeerGroup\Website-PeerGroup\website-project\vendor\codeigniter4\framework\system\CodeIgniter.php(326): CodeIgniter\CodeIgniter->handleRequest(NULL, Object(Config\Cache), false)
#8 C:\Users\tasya\OneDrive\Documents\Career\PeerGroup\Website-PeerGroup\website-project\public\index.php(37): CodeIgniter\CodeIgniter->run()
#9 C:\Users\tasya\OneDrive\Documents\Career\PeerGroup\Website-PeerGroup\website-project\vendor\codeigniter4\framework\system\Commands\Server\rewrite.php(43): require_once('C:\\Users\\tasya\\...')
#10 {main}
CRITICAL - 2022-07-13 06:15:29 --> Undefined array key "text"
#0 C:\Users\tasya\OneDrive\Documents\Career\PeerGroup\Website-PeerGroup\website-project\app\Views\Frontend\quiz\detail-quiz.php(17): CodeIgniter\Debug\Exceptions->errorHandler(2, 'Undefined array...', 'C:\\Users\\tasya\\...', 17)
#1 C:\Users\tasya\OneDrive\Documents\Career\PeerGroup\Website-PeerGroup\website-project\vendor\codeigniter4\framework\system\View\View.php(210): include('C:\\Users\\tasya\\...')
#2 C:\Users\tasya\OneDrive\Documents\Career\PeerGroup\Website-PeerGroup\website-project\vendor\codeigniter4\framework\system\View\View.php(213): CodeIgniter\View\View->CodeIgniter\View\{closure}()
#3 C:\Users\tasya\OneDrive\Documents\Career\PeerGroup\Website-PeerGroup\website-project\vendor\codeigniter4\framework\system\Common.php(1089): CodeIgniter\View\View->render('Frontend/quiz/d...', Array, true)
#4 C:\Users\tasya\OneDrive\Documents\Career\PeerGroup\Website-PeerGroup\website-project\app\Controllers\Home.php(216): view('Frontend/quiz/d...', Array)
#5 C:\Users\tasya\OneDrive\Documents\Career\PeerGroup\Website-PeerGroup\website-project\vendor\codeigniter4\framework\system\CodeIgniter.php(832): App\Controllers\Home->detquiz('1')
#6 C:\Users\tasya\OneDrive\Documents\Career\PeerGroup\Website-PeerGroup\website-project\vendor\codeigniter4\framework\system\CodeIgniter.php(419): CodeIgniter\CodeIgniter->runController(Object(App\Controllers\Home))
#7 C:\Users\tasya\OneDrive\Documents\Career\PeerGroup\Website-PeerGroup\website-project\vendor\codeigniter4\framework\system\CodeIgniter.php(326): CodeIgniter\CodeIgniter->handleRequest(NULL, Object(Config\Cache), false)
#8 C:\Users\tasya\OneDrive\Documents\Career\PeerGroup\Website-PeerGroup\website-project\public\index.php(37): CodeIgniter\CodeIgniter->run()
#9 C:\Users\tasya\OneDrive\Documents\Career\PeerGroup\Website-PeerGroup\website-project\vendor\codeigniter4\framework\system\Commands\Server\rewrite.php(43): require_once('C:\\Users\\tasya\\...')
#10 {main}
CRITICAL - 2022-07-13 06:15:53 --> Undefined variable $css
#0 C:\Users\tasya\OneDrive\Documents\Career\PeerGroup\Website-PeerGroup\website-project\app\Views\Frontend\layout\master.php(13): CodeIgniter\Debug\Exceptions->errorHandler(2, 'Undefined varia...', 'C:\\Users\\tasya\\...', 13)
#1 C:\Users\tasya\OneDrive\Documents\Career\PeerGroup\Website-PeerGroup\website-project\vendor\codeigniter4\framework\system\View\View.php(210): include('C:\\Users\\tasya\\...')
#2 C:\Users\tasya\OneDrive\Documents\Career\PeerGroup\Website-PeerGroup\website-project\vendor\codeigniter4\framework\system\View\View.php(213): CodeIgniter\View\View->CodeIgniter\View\{closure}()
#3 C:\Users\tasya\OneDrive\Documents\Career\PeerGroup\Website-PeerGroup\website-project\vendor\codeigniter4\framework\system\View\View.php(226): CodeIgniter\View\View->render('Frontend/layout...', Array, true)
#4 C:\Users\tasya\OneDrive\Documents\Career\PeerGroup\Website-PeerGroup\website-project\vendor\codeigniter4\framework\system\Common.php(1089): CodeIgniter\View\View->render('Frontend/quiz/d...', Array, true)
#5 C:\Users\tasya\OneDrive\Documents\Career\PeerGroup\Website-PeerGroup\website-project\app\Controllers\Home.php(216): view('Frontend/quiz/d...', Array)
#6 C:\Users\tasya\OneDrive\Documents\Career\PeerGroup\Website-PeerGroup\website-project\vendor\codeigniter4\framework\system\CodeIgniter.php(832): App\Controllers\Home->detquiz('1')
#7 C:\Users\tasya\OneDrive\Documents\Career\PeerGroup\Website-PeerGroup\website-project\vendor\codeigniter4\framework\system\CodeIgniter.php(419): CodeIgniter\CodeIgniter->runController(Object(App\Controllers\Home))
#8 C:\Users\tasya\OneDrive\Documents\Career\PeerGroup\Website-PeerGroup\website-project\vendor\codeigniter4\framework\system\CodeIgniter.php(326): CodeIgniter\CodeIgniter->handleRequest(NULL, Object(Config\Cache), false)
#9 C:\Users\tasya\OneDrive\Documents\Career\PeerGroup\Website-PeerGroup\website-project\public\index.php(37): CodeIgniter\CodeIgniter->run()
#10 C:\Users\tasya\OneDrive\Documents\Career\PeerGroup\Website-PeerGroup\website-project\vendor\codeigniter4\framework\system\Commands\Server\rewrite.php(43): require_once('C:\\Users\\tasya\\...')
#11 {main}
CRITICAL - 2022-07-13 06:16:34 --> Undefined variable $deskripsi
#0 C:\Users\tasya\OneDrive\Documents\Career\PeerGroup\Website-PeerGroup\website-project\app\Views\Frontend\layout\master.php(33): CodeIgniter\Debug\Exceptions->errorHandler(2, 'Undefined varia...', 'C:\\Users\\tasya\\...', 33)
#1 C:\Users\tasya\OneDrive\Documents\Career\PeerGroup\Website-PeerGroup\website-project\vendor\codeigniter4\framework\system\View\View.php(210): include('C:\\Users\\tasya\\...')
#2 C:\Users\tasya\OneDrive\Documents\Career\PeerGroup\Website-PeerGroup\website-project\vendor\codeigniter4\framework\system\View\View.php(213): CodeIgniter\View\View->CodeIgniter\View\{closure}()
#3 C:\Users\tasya\OneDrive\Documents\Career\PeerGroup\Website-PeerGroup\website-project\vendor\codeigniter4\framework\system\View\View.php(226): CodeIgniter\View\View->render('Frontend/layout...', Array, true)
#4 C:\Users\tasya\OneDrive\Documents\Career\PeerGroup\Website-PeerGroup\website-project\vendor\codeigniter4\framework\system\Common.php(1089): CodeIgniter\View\View->render('Frontend/quiz/d...', Array, true)
#5 C:\Users\tasya\OneDrive\Documents\Career\PeerGroup\Website-PeerGroup\website-project\app\Controllers\Home.php(216): view('Frontend/quiz/d...', Array)
#6 C:\Users\tasya\OneDrive\Documents\Career\PeerGroup\Website-PeerGroup\website-project\vendor\codeigniter4\framework\system\CodeIgniter.php(832): App\Controllers\Home->detquiz('1')
#7 C:\Users\tasya\OneDrive\Documents\Career\PeerGroup\Website-PeerGroup\website-project\vendor\codeigniter4\framework\system\CodeIgniter.php(419): CodeIgniter\CodeIgniter->runController(Object(App\Controllers\Home))
#8 C:\Users\tasya\OneDrive\Documents\Career\PeerGroup\Website-PeerGroup\website-project\vendor\codeigniter4\framework\system\CodeIgniter.php(326): CodeIgniter\CodeIgniter->handleRequest(NULL, Object(Config\Cache), false)
#9 C:\Users\tasya\OneDrive\Documents\Career\PeerGroup\Website-PeerGroup\website-project\public\index.php(37): CodeIgniter\CodeIgniter->run()
#10 C:\Users\tasya\OneDrive\Documents\Career\PeerGroup\Website-PeerGroup\website-project\vendor\codeigniter4\framework\system\Commands\Server\rewrite.php(43): require_once('C:\\Users\\tasya\\...')
#11 {main}
CRITICAL - 2022-07-13 06:16:55 --> Undefined variable $deskripsi
#0 C:\Users\tasya\OneDrive\Documents\Career\PeerGroup\Website-PeerGroup\website-project\app\Views\Frontend\layout\master.php(33): CodeIgniter\Debug\Exceptions->errorHandler(2, 'Undefined varia...', 'C:\\Users\\tasya\\...', 33)
#1 C:\Users\tasya\OneDrive\Documents\Career\PeerGroup\Website-PeerGroup\website-project\vendor\codeigniter4\framework\system\View\View.php(210): include('C:\\Users\\tasya\\...')
#2 C:\Users\tasya\OneDrive\Documents\Career\PeerGroup\Website-PeerGroup\website-project\vendor\codeigniter4\framework\system\View\View.php(213): CodeIgniter\View\View->CodeIgniter\View\{closure}()
#3 C:\Users\tasya\OneDrive\Documents\Career\PeerGroup\Website-PeerGroup\website-project\vendor\codeigniter4\framework\system\View\View.php(226): CodeIgniter\View\View->render('Frontend/layout...', Array, true)
#4 C:\Users\tasya\OneDrive\Documents\Career\PeerGroup\Website-PeerGroup\website-project\vendor\codeigniter4\framework\system\Common.php(1089): CodeIgniter\View\View->render('Frontend/quiz/d...', Array, true)
#5 C:\Users\tasya\OneDrive\Documents\Career\PeerGroup\Website-PeerGroup\website-project\app\Controllers\Home.php(216): view('Frontend/quiz/d...', Array)
#6 C:\Users\tasya\OneDrive\Documents\Career\PeerGroup\Website-PeerGroup\website-project\vendor\codeigniter4\framework\system\CodeIgniter.php(832): App\Controllers\Home->detquiz('1')
#7 C:\Users\tasya\OneDrive\Documents\Career\PeerGroup\Website-PeerGroup\website-project\vendor\codeigniter4\framework\system\CodeIgniter.php(419): CodeIgniter\CodeIgniter->runController(Object(App\Controllers\Home))
#8 C:\Users\tasya\OneDrive\Documents\Career\PeerGroup\Website-PeerGroup\website-project\vendor\codeigniter4\framework\system\CodeIgniter.php(326): CodeIgniter\CodeIgniter->handleRequest(NULL, Object(Config\Cache), false)
#9 C:\Users\tasya\OneDrive\Documents\Career\PeerGroup\Website-PeerGroup\website-project\public\index.php(37): CodeIgniter\CodeIgniter->run()
#10 C:\Users\tasya\OneDrive\Documents\Career\PeerGroup\Website-PeerGroup\website-project\vendor\codeigniter4\framework\system\Commands\Server\rewrite.php(43): require_once('C:\\Users\\tasya\\...')
#11 {main}
CRITICAL - 2022-07-13 06:16:57 --> Undefined variable $deskripsi
#0 C:\Users\tasya\OneDrive\Documents\Career\PeerGroup\Website-PeerGroup\website-project\app\Views\Frontend\layout\master.php(33): CodeIgniter\Debug\Exceptions->errorHandler(2, 'Undefined varia...', 'C:\\Users\\tasya\\...', 33)
#1 C:\Users\tasya\OneDrive\Documents\Career\PeerGroup\Website-PeerGroup\website-project\vendor\codeigniter4\framework\system\View\View.php(210): include('C:\\Users\\tasya\\...')
#2 C:\Users\tasya\OneDrive\Documents\Career\PeerGroup\Website-PeerGroup\website-project\vendor\codeigniter4\framework\system\View\View.php(213): CodeIgniter\View\View->CodeIgniter\View\{closure}()
#3 C:\Users\tasya\OneDrive\Documents\Career\PeerGroup\Website-PeerGroup\website-project\vendor\codeigniter4\framework\system\View\View.php(226): CodeIgniter\View\View->render('Frontend/layout...', Array, true)
#4 C:\Users\tasya\OneDrive\Documents\Career\PeerGroup\Website-PeerGroup\website-project\vendor\codeigniter4\framework\system\Common.php(1089): CodeIgniter\View\View->render('Frontend/quiz/d...', Array, true)
#5 C:\Users\tasya\OneDrive\Documents\Career\PeerGroup\Website-PeerGroup\website-project\app\Controllers\Home.php(216): view('Frontend/quiz/d...', Array)
#6 C:\Users\tasya\OneDrive\Documents\Career\PeerGroup\Website-PeerGroup\website-project\vendor\codeigniter4\framework\system\CodeIgniter.php(832): App\Controllers\Home->detquiz('1')
#7 C:\Users\tasya\OneDrive\Documents\Career\PeerGroup\Website-PeerGroup\website-project\vendor\codeigniter4\framework\system\CodeIgniter.php(419): CodeIgniter\CodeIgniter->runController(Object(App\Controllers\Home))
#8 C:\Users\tasya\OneDrive\Documents\Career\PeerGroup\Website-PeerGroup\website-project\vendor\codeigniter4\framework\system\CodeIgniter.php(326): CodeIgniter\CodeIgniter->handleRequest(NULL, Object(Config\Cache), false)
#9 C:\Users\tasya\OneDrive\Documents\Career\PeerGroup\Website-PeerGroup\website-project\public\index.php(37): CodeIgniter\CodeIgniter->run()
#10 C:\Users\tasya\OneDrive\Documents\Career\PeerGroup\Website-PeerGroup\website-project\vendor\codeigniter4\framework\system\Commands\Server\rewrite.php(43): require_once('C:\\Users\\tasya\\...')
#11 {main}
CRITICAL - 2022-07-13 06:17:01 --> Undefined variable $deskripsi
#0 C:\Users\tasya\OneDrive\Documents\Career\PeerGroup\Website-PeerGroup\website-project\app\Views\Frontend\layout\master.php(33): CodeIgniter\Debug\Exceptions->errorHandler(2, 'Undefined varia...', 'C:\\Users\\tasya\\...', 33)
#1 C:\Users\tasya\OneDrive\Documents\Career\PeerGroup\Website-PeerGroup\website-project\vendor\codeigniter4\framework\system\View\View.php(210): include('C:\\Users\\tasya\\...')
#2 C:\Users\tasya\OneDrive\Documents\Career\PeerGroup\Website-PeerGroup\website-project\vendor\codeigniter4\framework\system\View\View.php(213): CodeIgniter\View\View->CodeIgniter\View\{closure}()
#3 C:\Users\tasya\OneDrive\Documents\Career\PeerGroup\Website-PeerGroup\website-project\vendor\codeigniter4\framework\system\View\View.php(226): CodeIgniter\View\View->render('Frontend/layout...', Array, true)
#4 C:\Users\tasya\OneDrive\Documents\Career\PeerGroup\Website-PeerGroup\website-project\vendor\codeigniter4\framework\system\Common.php(1089): CodeIgniter\View\View->render('Frontend/quiz/d...', Array, true)
#5 C:\Users\tasya\OneDrive\Documents\Career\PeerGroup\Website-PeerGroup\website-project\app\Controllers\Home.php(216): view('Frontend/quiz/d...', Array)
#6 C:\Users\tasya\OneDrive\Documents\Career\PeerGroup\Website-PeerGroup\website-project\vendor\codeigniter4\framework\system\CodeIgniter.php(832): App\Controllers\Home->detquiz('1')
#7 C:\Users\tasya\OneDrive\Documents\Career\PeerGroup\Website-PeerGroup\website-project\vendor\codeigniter4\framework\system\CodeIgniter.php(419): CodeIgniter\CodeIgniter->runController(Object(App\Controllers\Home))
#8 C:\Users\tasya\OneDrive\Documents\Career\PeerGroup\Website-PeerGroup\website-project\vendor\codeigniter4\framework\system\CodeIgniter.php(326): CodeIgniter\CodeIgniter->handleRequest(NULL, Object(Config\Cache), false)
#9 C:\Users\tasya\OneDrive\Documents\Career\PeerGroup\Website-PeerGroup\website-project\public\index.php(37): CodeIgniter\CodeIgniter->run()
#10 C:\Users\tasya\OneDrive\Documents\Career\PeerGroup\Website-PeerGroup\website-project\vendor\codeigniter4\framework\system\Commands\Server\rewrite.php(43): require_once('C:\\Users\\tasya\\...')
#11 {main}
CRITICAL - 2022-07-13 06:20:49 --> Undefined property: stdClass::$jwb
#0 C:\Users\tasya\OneDrive\Documents\Career\PeerGroup\Website-PeerGroup\website-project\app\Controllers\Home.php(204): CodeIgniter\Debug\Exceptions->errorHandler(2, 'Undefined prope...', 'C:\\Users\\tasya\\...', 204)
#1 C:\Users\tasya\OneDrive\Documents\Career\PeerGroup\Website-PeerGroup\website-project\vendor\codeigniter4\framework\system\CodeIgniter.php(832): App\Controllers\Home->detquiz('1')
#2 C:\Users\tasya\OneDrive\Documents\Career\PeerGroup\Website-PeerGroup\website-project\vendor\codeigniter4\framework\system\CodeIgniter.php(419): CodeIgniter\CodeIgniter->runController(Object(App\Controllers\Home))
#3 C:\Users\tasya\OneDrive\Documents\Career\PeerGroup\Website-PeerGroup\website-project\vendor\codeigniter4\framework\system\CodeIgniter.php(326): CodeIgniter\CodeIgniter->handleRequest(NULL, Object(Config\Cache), false)
#4 C:\Users\tasya\OneDrive\Documents\Career\PeerGroup\Website-PeerGroup\website-project\public\index.php(37): CodeIgniter\CodeIgniter->run()
#5 C:\Users\tasya\OneDrive\Documents\Career\PeerGroup\Website-PeerGroup\website-project\vendor\codeigniter4\framework\system\Commands\Server\rewrite.php(43): require_once('C:\\Users\\tasya\\...')
#6 {main}
CRITICAL - 2022-07-13 06:23:44 --> You must set the database table to be used with your query.
#0 C:\Users\tasya\OneDrive\Documents\Career\PeerGroup\Website-PeerGroup\website-project\vendor\codeigniter4\framework\system\Model.php(545): CodeIgniter\Database\BaseConnection->table(NULL)
#1 C:\Users\tasya\OneDrive\Documents\Career\PeerGroup\Website-PeerGroup\website-project\vendor\codeigniter4\framework\system\Model.php(722): CodeIgniter\Model->builder()
#2 C:\Users\tasya\OneDrive\Documents\Career\PeerGroup\Website-PeerGroup\website-project\app\Controllers\Home.php(200): CodeIgniter\Model->__call('getjwban', Array)
#3 C:\Users\tasya\OneDrive\Documents\Career\PeerGroup\Website-PeerGroup\website-project\vendor\codeigniter4\framework\system\CodeIgniter.php(832): App\Controllers\Home->detquiz('1')
#4 C:\Users\tasya\OneDrive\Documents\Career\PeerGroup\Website-PeerGroup\website-project\vendor\codeigniter4\framework\system\CodeIgniter.php(419): CodeIgniter\CodeIgniter->runController(Object(App\Controllers\Home))
#5 C:\Users\tasya\OneDrive\Documents\Career\PeerGroup\Website-PeerGroup\website-project\vendor\codeigniter4\framework\system\CodeIgniter.php(326): CodeIgniter\CodeIgniter->handleRequest(NULL, Object(Config\Cache), false)
#6 C:\Users\tasya\OneDrive\Documents\Career\PeerGroup\Website-PeerGroup\website-project\public\index.php(37): CodeIgniter\CodeIgniter->run()
#7 C:\Users\tasya\OneDrive\Documents\Career\PeerGroup\Website-PeerGroup\website-project\vendor\codeigniter4\framework\system\Commands\Server\rewrite.php(43): require_once('C:\\Users\\tasya\\...')
#8 {main}
CRITICAL - 2022-07-13 06:24:37 --> You must set the database table to be used with your query.
#0 C:\Users\tasya\OneDrive\Documents\Career\PeerGroup\Website-PeerGroup\website-project\vendor\codeigniter4\framework\system\Model.php(545): CodeIgniter\Database\BaseConnection->table(NULL)
#1 C:\Users\tasya\OneDrive\Documents\Career\PeerGroup\Website-PeerGroup\website-project\vendor\codeigniter4\framework\system\Model.php(722): CodeIgniter\Model->builder()
#2 C:\Users\tasya\OneDrive\Documents\Career\PeerGroup\Website-PeerGroup\website-project\app\Controllers\Home.php(200): CodeIgniter\Model->__call('getjwban', Array)
#3 C:\Users\tasya\OneDrive\Documents\Career\PeerGroup\Website-PeerGroup\website-project\vendor\codeigniter4\framework\system\CodeIgniter.php(832): App\Controllers\Home->detquiz('1')
#4 C:\Users\tasya\OneDrive\Documents\Career\PeerGroup\Website-PeerGroup\website-project\vendor\codeigniter4\framework\system\CodeIgniter.php(419): CodeIgniter\CodeIgniter->runController(Object(App\Controllers\Home))
#5 C:\Users\tasya\OneDrive\Documents\Career\PeerGroup\Website-PeerGroup\website-project\vendor\codeigniter4\framework\system\CodeIgniter.php(326): CodeIgniter\CodeIgniter->handleRequest(NULL, Object(Config\Cache), false)
#6 C:\Users\tasya\OneDrive\Documents\Career\PeerGroup\Website-PeerGroup\website-project\public\index.php(37): CodeIgniter\CodeIgniter->run()
#7 C:\Users\tasya\OneDrive\Documents\Career\PeerGroup\Website-PeerGroup\website-project\vendor\codeigniter4\framework\system\Commands\Server\rewrite.php(43): require_once('C:\\Users\\tasya\\...')
#8 {main}
CRITICAL - 2022-07-13 06:31:12 --> Undefined variable $title
#0 C:\Users\tasya\OneDrive\Documents\Career\PeerGroup\Website-PeerGroup\website-project\app\Controllers\Home.php(210): CodeIgniter\Debug\Exceptions->errorHandler(2, 'Undefined varia...', 'C:\\Users\\tasya\\...', 210)
#1 C:\Users\tasya\OneDrive\Documents\Career\PeerGroup\Website-PeerGroup\website-project\vendor\codeigniter4\framework\system\CodeIgniter.php(832): App\Controllers\Home->detquiz('1')
#2 C:\Users\tasya\OneDrive\Documents\Career\PeerGroup\Website-PeerGroup\website-project\vendor\codeigniter4\framework\system\CodeIgniter.php(419): CodeIgniter\CodeIgniter->runController(Object(App\Controllers\Home))
#3 C:\Users\tasya\OneDrive\Documents\Career\PeerGroup\Website-PeerGroup\website-project\vendor\codeigniter4\framework\system\CodeIgniter.php(326): CodeIgniter\CodeIgniter->handleRequest(NULL, Object(Config\Cache), false)
#4 C:\Users\tasya\OneDrive\Documents\Career\PeerGroup\Website-PeerGroup\website-project\public\index.php(37): CodeIgniter\CodeIgniter->run()
#5 C:\Users\tasya\OneDrive\Documents\Career\PeerGroup\Website-PeerGroup\website-project\vendor\codeigniter4\framework\system\Commands\Server\rewrite.php(43): require_once('C:\\Users\\tasya\\...')
#6 {main}
CRITICAL - 2022-07-13 06:31:20 --> Undefined variable $title
#0 C:\Users\tasya\OneDrive\Documents\Career\PeerGroup\Website-PeerGroup\website-project\app\Views\Frontend\layout\master.php(31): CodeIgniter\Debug\Exceptions->errorHandler(2, 'Undefined varia...', 'C:\\Users\\tasya\\...', 31)
#1 C:\Users\tasya\OneDrive\Documents\Career\PeerGroup\Website-PeerGroup\website-project\vendor\codeigniter4\framework\system\View\View.php(210): include('C:\\Users\\tasya\\...')
#2 C:\Users\tasya\OneDrive\Documents\Career\PeerGroup\Website-PeerGroup\website-project\vendor\codeigniter4\framework\system\View\View.php(213): CodeIgniter\View\View->CodeIgniter\View\{closure}()
#3 C:\Users\tasya\OneDrive\Documents\Career\PeerGroup\Website-PeerGroup\website-project\vendor\codeigniter4\framework\system\View\View.php(226): CodeIgniter\View\View->render('Frontend/layout...', Array, true)
#4 C:\Users\tasya\OneDrive\Documents\Career\PeerGroup\Website-PeerGroup\website-project\vendor\codeigniter4\framework\system\Common.php(1089): CodeIgniter\View\View->render('Frontend/quiz/d...', Array, true)
#5 C:\Users\tasya\OneDrive\Documents\Career\PeerGroup\Website-PeerGroup\website-project\app\Controllers\Home.php(218): view('Frontend/quiz/d...', Array)
#6 C:\Users\tasya\OneDrive\Documents\Career\PeerGroup\Website-PeerGroup\website-project\vendor\codeigniter4\framework\system\CodeIgniter.php(832): App\Controllers\Home->detquiz('1')
#7 C:\Users\tasya\OneDrive\Documents\Career\PeerGroup\Website-PeerGroup\website-project\vendor\codeigniter4\framework\system\CodeIgniter.php(419): CodeIgniter\CodeIgniter->runController(Object(App\Controllers\Home))
#8 C:\Users\tasya\OneDrive\Documents\Career\PeerGroup\Website-PeerGroup\website-project\vendor\codeigniter4\framework\system\CodeIgniter.php(326): CodeIgniter\CodeIgniter->handleRequest(NULL, Object(Config\Cache), false)
#9 C:\Users\tasya\OneDrive\Documents\Career\PeerGroup\Website-PeerGroup\website-project\public\index.php(37): CodeIgniter\CodeIgniter->run()
#10 C:\Users\tasya\OneDrive\Documents\Career\PeerGroup\Website-PeerGroup\website-project\vendor\codeigniter4\framework\system\Commands\Server\rewrite.php(43): require_once('C:\\Users\\tasya\\...')
#11 {main}
CRITICAL - 2022-07-13 06:33:51 --> Undefined array key "jwb"
#0 C:\Users\tasya\OneDrive\Documents\Career\PeerGroup\Website-PeerGroup\website-project\app\Views\Frontend\quiz\detail-quiz.php(14): CodeIgniter\Debug\Exceptions->errorHandler(2, 'Undefined array...', 'C:\\Users\\tasya\\...', 14)
#1 C:\Users\tasya\OneDrive\Documents\Career\PeerGroup\Website-PeerGroup\website-project\vendor\codeigniter4\framework\system\View\View.php(210): include('C:\\Users\\tasya\\...')
#2 C:\Users\tasya\OneDrive\Documents\Career\PeerGroup\Website-PeerGroup\website-project\vendor\codeigniter4\framework\system\View\View.php(213): CodeIgniter\View\View->CodeIgniter\View\{closure}()
#3 C:\Users\tasya\OneDrive\Documents\Career\PeerGroup\Website-PeerGroup\website-project\vendor\codeigniter4\framework\system\Common.php(1089): CodeIgniter\View\View->render('Frontend/quiz/d...', Array, true)
#4 C:\Users\tasya\OneDrive\Documents\Career\PeerGroup\Website-PeerGroup\website-project\app\Controllers\Home.php(220): view('Frontend/quiz/d...', Array)
#5 C:\Users\tasya\OneDrive\Documents\Career\PeerGroup\Website-PeerGroup\website-project\vendor\codeigniter4\framework\system\CodeIgniter.php(832): App\Controllers\Home->detquiz('1')
#6 C:\Users\tasya\OneDrive\Documents\Career\PeerGroup\Website-PeerGroup\website-project\vendor\codeigniter4\framework\system\CodeIgniter.php(419): CodeIgniter\CodeIgniter->runController(Object(App\Controllers\Home))
#7 C:\Users\tasya\OneDrive\Documents\Career\PeerGroup\Website-PeerGroup\website-project\vendor\codeigniter4\framework\system\CodeIgniter.php(326): CodeIgniter\CodeIgniter->handleRequest(NULL, Object(Config\Cache), false)
#8 C:\Users\tasya\OneDrive\Documents\Career\PeerGroup\Website-PeerGroup\website-project\public\index.php(37): CodeIgniter\CodeIgniter->run()
#9 C:\Users\tasya\OneDrive\Documents\Career\PeerGroup\Website-PeerGroup\website-project\vendor\codeigniter4\framework\system\Commands\Server\rewrite.php(43): require_once('C:\\Users\\tasya\\...')
#10 {main}
CRITICAL - 2022-07-13 06:34:26 --> Object of class CodeIgniter\Database\MySQLi\Result could not be converted to string
#0 C:\Users\tasya\OneDrive\Documents\Career\PeerGroup\Website-PeerGroup\website-project\vendor\codeigniter4\framework\system\View\View.php(210): include()
#1 C:\Users\tasya\OneDrive\Documents\Career\PeerGroup\Website-PeerGroup\website-project\vendor\codeigniter4\framework\system\View\View.php(213): CodeIgniter\View\View->CodeIgniter\View\{closure}()
#2 C:\Users\tasya\OneDrive\Documents\Career\PeerGroup\Website-PeerGroup\website-project\vendor\codeigniter4\framework\system\Common.php(1089): CodeIgniter\View\View->render('Frontend/quiz/d...', Array, true)
#3 C:\Users\tasya\OneDrive\Documents\Career\PeerGroup\Website-PeerGroup\website-project\app\Controllers\Home.php(220): view('Frontend/quiz/d...', Array)
#4 C:\Users\tasya\OneDrive\Documents\Career\PeerGroup\Website-PeerGroup\website-project\vendor\codeigniter4\framework\system\CodeIgniter.php(832): App\Controllers\Home->detquiz('1')
#5 C:\Users\tasya\OneDrive\Documents\Career\PeerGroup\Website-PeerGroup\website-project\vendor\codeigniter4\framework\system\CodeIgniter.php(419): CodeIgniter\CodeIgniter->runController(Object(App\Controllers\Home))
#6 C:\Users\tasya\OneDrive\Documents\Career\PeerGroup\Website-PeerGroup\website-project\vendor\codeigniter4\framework\system\CodeIgniter.php(326): CodeIgniter\CodeIgniter->handleRequest(NULL, Object(Config\Cache), false)
#7 C:\Users\tasya\OneDrive\Documents\Career\PeerGroup\Website-PeerGroup\website-project\public\index.php(37): CodeIgniter\CodeIgniter->run()
#8 C:\Users\tasya\OneDrive\Documents\Career\PeerGroup\Website-PeerGroup\website-project\vendor\codeigniter4\framework\system\Commands\Server\rewrite.php(43): require_once('C:\\Users\\tasya\\...')
#9 {main}
CRITICAL - 2022-07-13 06:37:04 --> Array to string conversion
#0 C:\Users\tasya\OneDrive\Documents\Career\PeerGroup\Website-PeerGroup\website-project\app\Views\Frontend\quiz\detail-quiz.php(10): CodeIgniter\Debug\Exceptions->errorHandler(2, 'Array to string...', 'C:\\Users\\tasya\\...', 10)
#1 C:\Users\tasya\OneDrive\Documents\Career\PeerGroup\Website-PeerGroup\website-project\vendor\codeigniter4\framework\system\View\View.php(210): include('C:\\Users\\tasya\\...')
#2 C:\Users\tasya\OneDrive\Documents\Career\PeerGroup\Website-PeerGroup\website-project\vendor\codeigniter4\framework\system\View\View.php(213): CodeIgniter\View\View->CodeIgniter\View\{closure}()
#3 C:\Users\tasya\OneDrive\Documents\Career\PeerGroup\Website-PeerGroup\website-project\vendor\codeigniter4\framework\system\Common.php(1089): CodeIgniter\View\View->render('Frontend/quiz/d...', Array, true)
#4 C:\Users\tasya\OneDrive\Documents\Career\PeerGroup\Website-PeerGroup\website-project\app\Controllers\Home.php(220): view('Frontend/quiz/d...', Array)
#5 C:\Users\tasya\OneDrive\Documents\Career\PeerGroup\Website-PeerGroup\website-project\vendor\codeigniter4\framework\system\CodeIgniter.php(832): App\Controllers\Home->detquiz('1')
#6 C:\Users\tasya\OneDrive\Documents\Career\PeerGroup\Website-PeerGroup\website-project\vendor\codeigniter4\framework\system\CodeIgniter.php(419): CodeIgniter\CodeIgniter->runController(Object(App\Controllers\Home))
#7 C:\Users\tasya\OneDrive\Documents\Career\PeerGroup\Website-PeerGroup\website-project\vendor\codeigniter4\framework\system\CodeIgniter.php(326): CodeIgniter\CodeIgniter->handleRequest(NULL, Object(Config\Cache), false)
#8 C:\Users\tasya\OneDrive\Documents\Career\PeerGroup\Website-PeerGroup\website-project\public\index.php(37): CodeIgniter\CodeIgniter->run()
#9 C:\Users\tasya\OneDrive\Documents\Career\PeerGroup\Website-PeerGroup\website-project\vendor\codeigniter4\framework\system\Commands\Server\rewrite.php(43): require_once('C:\\Users\\tasya\\...')
#10 {main}
