CRITICAL - 2022-07-24 02:42:09 --> Undefined variable $rekomen
#0 C:\Users\tasya\OneDrive\Documents\Career\PeerGroup\Website-PeerGroup\website-project\app\Views\Frontend\kegiatanKami\kegiatanKami.php(18): CodeIgniter\Debug\Exceptions->errorHandler(2, 'Undefined varia...', 'C:\\Users\\tasya\\...', 18)
#1 C:\Users\tasya\OneDrive\Documents\Career\PeerGroup\Website-PeerGroup\website-project\vendor\codeigniter4\framework\system\View\View.php(210): include('C:\\Users\\tasya\\...')
#2 C:\Users\tasya\OneDrive\Documents\Career\PeerGroup\Website-PeerGroup\website-project\vendor\codeigniter4\framework\system\View\View.php(213): CodeIgniter\View\View->CodeIgniter\View\{closure}()
#3 C:\Users\tasya\OneDrive\Documents\Career\PeerGroup\Website-PeerGroup\website-project\vendor\codeigniter4\framework\system\Common.php(1089): CodeIgniter\View\View->render('Frontend/kegiat...', Array, true)
#4 C:\Users\tasya\OneDrive\Documents\Career\PeerGroup\Website-PeerGroup\website-project\app\Controllers\Home.php(137): view('Frontend/kegiat...', Array)
#5 C:\Users\tasya\OneDrive\Documents\Career\PeerGroup\Website-PeerGroup\website-project\vendor\codeigniter4\framework\system\CodeIgniter.php(832): App\Controllers\Home->kegiatan_kami()
#6 C:\Users\tasya\OneDrive\Documents\Career\PeerGroup\Website-PeerGroup\website-project\vendor\codeigniter4\framework\system\CodeIgniter.php(419): CodeIgniter\CodeIgniter->runController(Object(App\Controllers\Home))
#7 C:\Users\tasya\OneDrive\Documents\Career\PeerGroup\Website-PeerGroup\website-project\vendor\codeigniter4\framework\system\CodeIgniter.php(326): CodeIgniter\CodeIgniter->handleRequest(NULL, Object(Config\Cache), false)
#8 C:\Users\tasya\OneDrive\Documents\Career\PeerGroup\Website-PeerGroup\website-project\public\index.php(37): CodeIgniter\CodeIgniter->run()
#9 C:\Users\tasya\OneDrive\Documents\Career\PeerGroup\Website-PeerGroup\website-project\vendor\codeigniter4\framework\system\Commands\Server\rewrite.php(43): require_once('C:\\Users\\tasya\\...')
#10 {main}
CRITICAL - 2022-07-24 02:47:08 --> syntax error, unexpected token "%"
#0 C:\Users\tasya\OneDrive\Documents\Career\PeerGroup\Website-PeerGroup\website-project\vendor\codeigniter4\framework\system\View\View.php(213): CodeIgniter\View\View->CodeIgniter\View\{closure}()
#1 C:\Users\tasya\OneDrive\Documents\Career\PeerGroup\Website-PeerGroup\website-project\vendor\codeigniter4\framework\system\Common.php(1089): CodeIgniter\View\View->render('Frontend/kegiat...', Array, true)
#2 C:\Users\tasya\OneDrive\Documents\Career\PeerGroup\Website-PeerGroup\website-project\app\Controllers\Home.php(145): view('Frontend/kegiat...', Array)
#3 C:\Users\tasya\OneDrive\Documents\Career\PeerGroup\Website-PeerGroup\website-project\vendor\codeigniter4\framework\system\CodeIgniter.php(832): App\Controllers\Home->kegiatan_kami()
#4 C:\Users\tasya\OneDrive\Documents\Career\PeerGroup\Website-PeerGroup\website-project\vendor\codeigniter4\framework\system\CodeIgniter.php(419): CodeIgniter\CodeIgniter->runController(Object(App\Controllers\Home))
#5 C:\Users\tasya\OneDrive\Documents\Career\PeerGroup\Website-PeerGroup\website-project\vendor\codeigniter4\framework\system\CodeIgniter.php(326): CodeIgniter\CodeIgniter->handleRequest(NULL, Object(Config\Cache), false)
#6 C:\Users\tasya\OneDrive\Documents\Career\PeerGroup\Website-PeerGroup\website-project\public\index.php(37): CodeIgniter\CodeIgniter->run()
#7 C:\Users\tasya\OneDrive\Documents\Career\PeerGroup\Website-PeerGroup\website-project\vendor\codeigniter4\framework\system\Commands\Server\rewrite.php(43): require_once('C:\\Users\\tasya\\...')
#8 {main}
CRITICAL - 2022-07-24 02:49:53 --> Undefined variable $revent1
#0 C:\Users\tasya\OneDrive\Documents\Career\PeerGroup\Website-PeerGroup\website-project\app\Views\Frontend\kegiatanKami\kegiatanKami.php(43): CodeIgniter\Debug\Exceptions->errorHandler(2, 'Undefined varia...', 'C:\\Users\\tasya\\...', 43)
#1 C:\Users\tasya\OneDrive\Documents\Career\PeerGroup\Website-PeerGroup\website-project\vendor\codeigniter4\framework\system\View\View.php(210): include('C:\\Users\\tasya\\...')
#2 C:\Users\tasya\OneDrive\Documents\Career\PeerGroup\Website-PeerGroup\website-project\vendor\codeigniter4\framework\system\View\View.php(213): CodeIgniter\View\View->CodeIgniter\View\{closure}()
#3 C:\Users\tasya\OneDrive\Documents\Career\PeerGroup\Website-PeerGroup\website-project\vendor\codeigniter4\framework\system\Common.php(1089): CodeIgniter\View\View->render('Frontend/kegiat...', Array, true)
#4 C:\Users\tasya\OneDrive\Documents\Career\PeerGroup\Website-PeerGroup\website-project\app\Controllers\Home.php(145): view('Frontend/kegiat...', Array)
#5 C:\Users\tasya\OneDrive\Documents\Career\PeerGroup\Website-PeerGroup\website-project\vendor\codeigniter4\framework\system\CodeIgniter.php(832): App\Controllers\Home->kegiatan_kami()
#6 C:\Users\tasya\OneDrive\Documents\Career\PeerGroup\Website-PeerGroup\website-project\vendor\codeigniter4\framework\system\CodeIgniter.php(419): CodeIgniter\CodeIgniter->runController(Object(App\Controllers\Home))
#7 C:\Users\tasya\OneDrive\Documents\Career\PeerGroup\Website-PeerGroup\website-project\vendor\codeigniter4\framework\system\CodeIgniter.php(326): CodeIgniter\CodeIgniter->handleRequest(NULL, Object(Config\Cache), false)
#8 C:\Users\tasya\OneDrive\Documents\Career\PeerGroup\Website-PeerGroup\website-project\public\index.php(37): CodeIgniter\CodeIgniter->run()
#9 C:\Users\tasya\OneDrive\Documents\Career\PeerGroup\Website-PeerGroup\website-project\vendor\codeigniter4\framework\system\Commands\Server\rewrite.php(43): require_once('C:\\Users\\tasya\\...')
#10 {main}
CRITICAL - 2022-07-24 03:59:06 --> Undefined array key "time"
#0 C:\Users\tasya\OneDrive\Documents\Career\PeerGroup\Website-PeerGroup\website-project\app\Views\Frontend\kegiatanKami\kegiatanKami.php(47): CodeIgniter\Debug\Exceptions->errorHandler(2, 'Undefined array...', 'C:\\Users\\tasya\\...', 47)
#1 C:\Users\tasya\OneDrive\Documents\Career\PeerGroup\Website-PeerGroup\website-project\vendor\codeigniter4\framework\system\View\View.php(210): include('C:\\Users\\tasya\\...')
#2 C:\Users\tasya\OneDrive\Documents\Career\PeerGroup\Website-PeerGroup\website-project\vendor\codeigniter4\framework\system\View\View.php(213): CodeIgniter\View\View->CodeIgniter\View\{closure}()
#3 C:\Users\tasya\OneDrive\Documents\Career\PeerGroup\Website-PeerGroup\website-project\vendor\codeigniter4\framework\system\Common.php(1089): CodeIgniter\View\View->render('Frontend/kegiat...', Array, true)
#4 C:\Users\tasya\OneDrive\Documents\Career\PeerGroup\Website-PeerGroup\website-project\app\Controllers\Home.php(145): view('Frontend/kegiat...', Array)
#5 C:\Users\tasya\OneDrive\Documents\Career\PeerGroup\Website-PeerGroup\website-project\vendor\codeigniter4\framework\system\CodeIgniter.php(832): App\Controllers\Home->kegiatan_kami()
#6 C:\Users\tasya\OneDrive\Documents\Career\PeerGroup\Website-PeerGroup\website-project\vendor\codeigniter4\framework\system\CodeIgniter.php(419): CodeIgniter\CodeIgniter->runController(Object(App\Controllers\Home))
#7 C:\Users\tasya\OneDrive\Documents\Career\PeerGroup\Website-PeerGroup\website-project\vendor\codeigniter4\framework\system\CodeIgniter.php(326): CodeIgniter\CodeIgniter->handleRequest(NULL, Object(Config\Cache), false)
#8 C:\Users\tasya\OneDrive\Documents\Career\PeerGroup\Website-PeerGroup\website-project\public\index.php(37): CodeIgniter\CodeIgniter->run()
#9 C:\Users\tasya\OneDrive\Documents\Career\PeerGroup\Website-PeerGroup\website-project\vendor\codeigniter4\framework\system\Commands\Server\rewrite.php(43): require_once('C:\\Users\\tasya\\...')
#10 {main}
CRITICAL - 2022-07-24 04:03:28 --> Undefined variable $event3
#0 C:\Users\tasya\OneDrive\Documents\Career\PeerGroup\Website-PeerGroup\website-project\app\Views\Frontend\kegiatanKami\kegiatanKami.php(68): CodeIgniter\Debug\Exceptions->errorHandler(2, 'Undefined varia...', 'C:\\Users\\tasya\\...', 68)
#1 C:\Users\tasya\OneDrive\Documents\Career\PeerGroup\Website-PeerGroup\website-project\vendor\codeigniter4\framework\system\View\View.php(210): include('C:\\Users\\tasya\\...')
#2 C:\Users\tasya\OneDrive\Documents\Career\PeerGroup\Website-PeerGroup\website-project\vendor\codeigniter4\framework\system\View\View.php(213): CodeIgniter\View\View->CodeIgniter\View\{closure}()
#3 C:\Users\tasya\OneDrive\Documents\Career\PeerGroup\Website-PeerGroup\website-project\vendor\codeigniter4\framework\system\Common.php(1089): CodeIgniter\View\View->render('Frontend/kegiat...', Array, true)
#4 C:\Users\tasya\OneDrive\Documents\Career\PeerGroup\Website-PeerGroup\website-project\app\Controllers\Home.php(145): view('Frontend/kegiat...', Array)
#5 C:\Users\tasya\OneDrive\Documents\Career\PeerGroup\Website-PeerGroup\website-project\vendor\codeigniter4\framework\system\CodeIgniter.php(832): App\Controllers\Home->kegiatan_kami()
#6 C:\Users\tasya\OneDrive\Documents\Career\PeerGroup\Website-PeerGroup\website-project\vendor\codeigniter4\framework\system\CodeIgniter.php(419): CodeIgniter\CodeIgniter->runController(Object(App\Controllers\Home))
#7 C:\Users\tasya\OneDrive\Documents\Career\PeerGroup\Website-PeerGroup\website-project\vendor\codeigniter4\framework\system\CodeIgniter.php(326): CodeIgniter\CodeIgniter->handleRequest(NULL, Object(Config\Cache), false)
#8 C:\Users\tasya\OneDrive\Documents\Career\PeerGroup\Website-PeerGroup\website-project\public\index.php(37): CodeIgniter\CodeIgniter->run()
#9 C:\Users\tasya\OneDrive\Documents\Career\PeerGroup\Website-PeerGroup\website-project\vendor\codeigniter4\framework\system\Commands\Server\rewrite.php(43): require_once('C:\\Users\\tasya\\...')
#10 {main}
CRITICAL - 2022-07-24 05:40:52 --> Undefined variable $title
#0 C:\Users\tasya\OneDrive\Documents\Career\PeerGroup\Website-PeerGroup\website-project\app\Controllers\Home.php(58): CodeIgniter\Debug\Exceptions->errorHandler(2, 'Undefined varia...', 'C:\\Users\\tasya\\...', 58)
#1 C:\Users\tasya\OneDrive\Documents\Career\PeerGroup\Website-PeerGroup\website-project\vendor\codeigniter4\framework\system\CodeIgniter.php(832): App\Controllers\Home->detart('productivity-kn...')
#2 C:\Users\tasya\OneDrive\Documents\Career\PeerGroup\Website-PeerGroup\website-project\vendor\codeigniter4\framework\system\CodeIgniter.php(419): CodeIgniter\CodeIgniter->runController(Object(App\Controllers\Home))
#3 C:\Users\tasya\OneDrive\Documents\Career\PeerGroup\Website-PeerGroup\website-project\vendor\codeigniter4\framework\system\CodeIgniter.php(326): CodeIgniter\CodeIgniter->handleRequest(NULL, Object(Config\Cache), false)
#4 C:\Users\tasya\OneDrive\Documents\Career\PeerGroup\Website-PeerGroup\website-project\public\index.php(37): CodeIgniter\CodeIgniter->run()
#5 C:\Users\tasya\OneDrive\Documents\Career\PeerGroup\Website-PeerGroup\website-project\vendor\codeigniter4\framework\system\Commands\Server\rewrite.php(43): require_once('C:\\Users\\tasya\\...')
#6 {main}
ERROR - 2022-07-24 19:24:52 --> Error connecting to the database: Access denied for user '****'@'localhost' (using password: YES)
CRITICAL - 2022-07-24 19:24:52 --> Unable to connect to the database.
Main connection [MySQLi]: Access denied for user '****'@'localhost' (using password: YES)
#0 C:\Users\tasya\OneDrive\Documents\Career\PeerGroup\Website-PeerGroup\website-project\vendor\codeigniter4\framework\system\Database\BaseConnection.php(577): CodeIgniter\Database\BaseConnection->initialize()
#1 C:\Users\tasya\OneDrive\Documents\Career\PeerGroup\Website-PeerGroup\website-project\app\Models\KegiatanModel.php(41): CodeIgniter\Database\BaseConnection->query('SELECT * FROM k...')
#2 C:\Users\tasya\OneDrive\Documents\Career\PeerGroup\Website-PeerGroup\website-project\app\Controllers\Home.php(206): App\Models\KegiatanModel->getkegiatan('productivity-kn...')
#3 C:\Users\tasya\OneDrive\Documents\Career\PeerGroup\Website-PeerGroup\website-project\vendor\codeigniter4\framework\system\CodeIgniter.php(832): App\Controllers\Home->detevent('productivity-kn...')
#4 C:\Users\tasya\OneDrive\Documents\Career\PeerGroup\Website-PeerGroup\website-project\vendor\codeigniter4\framework\system\CodeIgniter.php(419): CodeIgniter\CodeIgniter->runController(Object(App\Controllers\Home))
#5 C:\Users\tasya\OneDrive\Documents\Career\PeerGroup\Website-PeerGroup\website-project\vendor\codeigniter4\framework\system\CodeIgniter.php(326): CodeIgniter\CodeIgniter->handleRequest(NULL, Object(Config\Cache), false)
#6 C:\Users\tasya\OneDrive\Documents\Career\PeerGroup\Website-PeerGroup\website-project\public\index.php(37): CodeIgniter\CodeIgniter->run()
#7 C:\Users\tasya\OneDrive\Documents\Career\PeerGroup\Website-PeerGroup\website-project\vendor\codeigniter4\framework\system\Commands\Server\rewrite.php(43): require_once('C:\\Users\\tasya\\...')
#8 {main}
ERROR - 2022-07-24 19:24:55 --> Error connecting to the database: Access denied for user '****'@'localhost' (using password: YES)
CRITICAL - 2022-07-24 19:24:55 --> Unable to connect to the database.
Main connection [MySQLi]: Access denied for user '****'@'localhost' (using password: YES)
#0 C:\Users\tasya\OneDrive\Documents\Career\PeerGroup\Website-PeerGroup\website-project\vendor\codeigniter4\framework\system\Database\BaseConnection.php(577): CodeIgniter\Database\BaseConnection->initialize()
#1 C:\Users\tasya\OneDrive\Documents\Career\PeerGroup\Website-PeerGroup\website-project\app\Models\KegiatanModel.php(30): CodeIgniter\Database\BaseConnection->query('SELECT * FROM k...')
#2 C:\Users\tasya\OneDrive\Documents\Career\PeerGroup\Website-PeerGroup\website-project\app\Controllers\Home.php(131): App\Models\KegiatanModel->getrandomkegiatan()
#3 C:\Users\tasya\OneDrive\Documents\Career\PeerGroup\Website-PeerGroup\website-project\vendor\codeigniter4\framework\system\CodeIgniter.php(832): App\Controllers\Home->kegiatan_kami()
#4 C:\Users\tasya\OneDrive\Documents\Career\PeerGroup\Website-PeerGroup\website-project\vendor\codeigniter4\framework\system\CodeIgniter.php(419): CodeIgniter\CodeIgniter->runController(Object(App\Controllers\Home))
#5 C:\Users\tasya\OneDrive\Documents\Career\PeerGroup\Website-PeerGroup\website-project\vendor\codeigniter4\framework\system\CodeIgniter.php(326): CodeIgniter\CodeIgniter->handleRequest(NULL, Object(Config\Cache), false)
#6 C:\Users\tasya\OneDrive\Documents\Career\PeerGroup\Website-PeerGroup\website-project\public\index.php(37): CodeIgniter\CodeIgniter->run()
#7 C:\Users\tasya\OneDrive\Documents\Career\PeerGroup\Website-PeerGroup\website-project\vendor\codeigniter4\framework\system\Commands\Server\rewrite.php(43): require_once('C:\\Users\\tasya\\...')
#8 {main}
ERROR - 2022-07-24 19:24:55 --> Error connecting to the database: Access denied for user '****'@'localhost' (using password: YES)
CRITICAL - 2022-07-24 19:24:55 --> Unable to connect to the database.
Main connection [MySQLi]: Access denied for user '****'@'localhost' (using password: YES)
#0 C:\Users\tasya\OneDrive\Documents\Career\PeerGroup\Website-PeerGroup\website-project\vendor\codeigniter4\framework\system\Database\BaseConnection.php(577): CodeIgniter\Database\BaseConnection->initialize()
#1 C:\Users\tasya\OneDrive\Documents\Career\PeerGroup\Website-PeerGroup\website-project\app\Models\KegiatanModel.php(41): CodeIgniter\Database\BaseConnection->query('SELECT * FROM k...')
#2 C:\Users\tasya\OneDrive\Documents\Career\PeerGroup\Website-PeerGroup\website-project\app\Controllers\Home.php(206): App\Models\KegiatanModel->getkegiatan('tes')
#3 C:\Users\tasya\OneDrive\Documents\Career\PeerGroup\Website-PeerGroup\website-project\vendor\codeigniter4\framework\system\CodeIgniter.php(832): App\Controllers\Home->detevent('tes')
#4 C:\Users\tasya\OneDrive\Documents\Career\PeerGroup\Website-PeerGroup\website-project\vendor\codeigniter4\framework\system\CodeIgniter.php(419): CodeIgniter\CodeIgniter->runController(Object(App\Controllers\Home))
#5 C:\Users\tasya\OneDrive\Documents\Career\PeerGroup\Website-PeerGroup\website-project\vendor\codeigniter4\framework\system\CodeIgniter.php(326): CodeIgniter\CodeIgniter->handleRequest(NULL, Object(Config\Cache), false)
#6 C:\Users\tasya\OneDrive\Documents\Career\PeerGroup\Website-PeerGroup\website-project\public\index.php(37): CodeIgniter\CodeIgniter->run()
#7 C:\Users\tasya\OneDrive\Documents\Career\PeerGroup\Website-PeerGroup\website-project\vendor\codeigniter4\framework\system\Commands\Server\rewrite.php(43): require_once('C:\\Users\\tasya\\...')
#8 {main}
ERROR - 2022-07-24 19:24:56 --> Error connecting to the database: Access denied for user '****'@'localhost' (using password: YES)
CRITICAL - 2022-07-24 19:24:56 --> Unable to connect to the database.
Main connection [MySQLi]: Access denied for user '****'@'localhost' (using password: YES)
#0 C:\Users\tasya\OneDrive\Documents\Career\PeerGroup\Website-PeerGroup\website-project\vendor\codeigniter4\framework\system\Database\BaseConnection.php(577): CodeIgniter\Database\BaseConnection->initialize()
#1 C:\Users\tasya\OneDrive\Documents\Career\PeerGroup\Website-PeerGroup\website-project\app\Models\KegiatanModel.php(41): CodeIgniter\Database\BaseConnection->query('SELECT * FROM k...')
#2 C:\Users\tasya\OneDrive\Documents\Career\PeerGroup\Website-PeerGroup\website-project\app\Controllers\Home.php(206): App\Models\KegiatanModel->getkegiatan('tes')
#3 C:\Users\tasya\OneDrive\Documents\Career\PeerGroup\Website-PeerGroup\website-project\vendor\codeigniter4\framework\system\CodeIgniter.php(832): App\Controllers\Home->detevent('tes')
#4 C:\Users\tasya\OneDrive\Documents\Career\PeerGroup\Website-PeerGroup\website-project\vendor\codeigniter4\framework\system\CodeIgniter.php(419): CodeIgniter\CodeIgniter->runController(Object(App\Controllers\Home))
#5 C:\Users\tasya\OneDrive\Documents\Career\PeerGroup\Website-PeerGroup\website-project\vendor\codeigniter4\framework\system\CodeIgniter.php(326): CodeIgniter\CodeIgniter->handleRequest(NULL, Object(Config\Cache), false)
#6 C:\Users\tasya\OneDrive\Documents\Career\PeerGroup\Website-PeerGroup\website-project\public\index.php(37): CodeIgniter\CodeIgniter->run()
#7 C:\Users\tasya\OneDrive\Documents\Career\PeerGroup\Website-PeerGroup\website-project\vendor\codeigniter4\framework\system\Commands\Server\rewrite.php(43): require_once('C:\\Users\\tasya\\...')
#8 {main}
ERROR - 2022-07-24 19:24:57 --> Error connecting to the database: Access denied for user '****'@'localhost' (using password: YES)
CRITICAL - 2022-07-24 19:24:57 --> Unable to connect to the database.
Main connection [MySQLi]: Access denied for user '****'@'localhost' (using password: YES)
#0 C:\Users\tasya\OneDrive\Documents\Career\PeerGroup\Website-PeerGroup\website-project\vendor\codeigniter4\framework\system\Database\BaseConnection.php(577): CodeIgniter\Database\BaseConnection->initialize()
#1 C:\Users\tasya\OneDrive\Documents\Career\PeerGroup\Website-PeerGroup\website-project\app\Models\KegiatanModel.php(41): CodeIgniter\Database\BaseConnection->query('SELECT * FROM k...')
#2 C:\Users\tasya\OneDrive\Documents\Career\PeerGroup\Website-PeerGroup\website-project\app\Controllers\Home.php(206): App\Models\KegiatanModel->getkegiatan('coaching-and-me...')
#3 C:\Users\tasya\OneDrive\Documents\Career\PeerGroup\Website-PeerGroup\website-project\vendor\codeigniter4\framework\system\CodeIgniter.php(832): App\Controllers\Home->detevent('coaching-and-me...')
#4 C:\Users\tasya\OneDrive\Documents\Career\PeerGroup\Website-PeerGroup\website-project\vendor\codeigniter4\framework\system\CodeIgniter.php(419): CodeIgniter\CodeIgniter->runController(Object(App\Controllers\Home))
#5 C:\Users\tasya\OneDrive\Documents\Career\PeerGroup\Website-PeerGroup\website-project\vendor\codeigniter4\framework\system\CodeIgniter.php(326): CodeIgniter\CodeIgniter->handleRequest(NULL, Object(Config\Cache), false)
#6 C:\Users\tasya\OneDrive\Documents\Career\PeerGroup\Website-PeerGroup\website-project\public\index.php(37): CodeIgniter\CodeIgniter->run()
#7 C:\Users\tasya\OneDrive\Documents\Career\PeerGroup\Website-PeerGroup\website-project\vendor\codeigniter4\framework\system\Commands\Server\rewrite.php(43): require_once('C:\\Users\\tasya\\...')
#8 {main}
ERROR - 2022-07-24 19:24:57 --> Error connecting to the database: Access denied for user '****'@'localhost' (using password: YES)
CRITICAL - 2022-07-24 19:24:57 --> Unable to connect to the database.
Main connection [MySQLi]: Access denied for user '****'@'localhost' (using password: YES)
#0 C:\Users\tasya\OneDrive\Documents\Career\PeerGroup\Website-PeerGroup\website-project\vendor\codeigniter4\framework\system\Database\BaseConnection.php(577): CodeIgniter\Database\BaseConnection->initialize()
#1 C:\Users\tasya\OneDrive\Documents\Career\PeerGroup\Website-PeerGroup\website-project\app\Models\KegiatanModel.php(41): CodeIgniter\Database\BaseConnection->query('SELECT * FROM k...')
#2 C:\Users\tasya\OneDrive\Documents\Career\PeerGroup\Website-PeerGroup\website-project\app\Controllers\Home.php(206): App\Models\KegiatanModel->getkegiatan('coaching-and-me...')
#3 C:\Users\tasya\OneDrive\Documents\Career\PeerGroup\Website-PeerGroup\website-project\vendor\codeigniter4\framework\system\CodeIgniter.php(832): App\Controllers\Home->detevent('coaching-and-me...')
#4 C:\Users\tasya\OneDrive\Documents\Career\PeerGroup\Website-PeerGroup\website-project\vendor\codeigniter4\framework\system\CodeIgniter.php(419): CodeIgniter\CodeIgniter->runController(Object(App\Controllers\Home))
#5 C:\Users\tasya\OneDrive\Documents\Career\PeerGroup\Website-PeerGroup\website-project\vendor\codeigniter4\framework\system\CodeIgniter.php(326): CodeIgniter\CodeIgniter->handleRequest(NULL, Object(Config\Cache), false)
#6 C:\Users\tasya\OneDrive\Documents\Career\PeerGroup\Website-PeerGroup\website-project\public\index.php(37): CodeIgniter\CodeIgniter->run()
#7 C:\Users\tasya\OneDrive\Documents\Career\PeerGroup\Website-PeerGroup\website-project\vendor\codeigniter4\framework\system\Commands\Server\rewrite.php(43): require_once('C:\\Users\\tasya\\...')
#8 {main}
ERROR - 2022-07-24 19:24:58 --> Error connecting to the database: Access denied for user '****'@'localhost' (using password: YES)
CRITICAL - 2022-07-24 19:24:58 --> Unable to connect to the database.
Main connection [MySQLi]: Access denied for user '****'@'localhost' (using password: YES)
#0 C:\Users\tasya\OneDrive\Documents\Career\PeerGroup\Website-PeerGroup\website-project\vendor\codeigniter4\framework\system\Database\BaseConnection.php(577): CodeIgniter\Database\BaseConnection->initialize()
#1 C:\Users\tasya\OneDrive\Documents\Career\PeerGroup\Website-PeerGroup\website-project\app\Models\KegiatanModel.php(30): CodeIgniter\Database\BaseConnection->query('SELECT * FROM k...')
#2 C:\Users\tasya\OneDrive\Documents\Career\PeerGroup\Website-PeerGroup\website-project\app\Controllers\Home.php(131): App\Models\KegiatanModel->getrandomkegiatan()
#3 C:\Users\tasya\OneDrive\Documents\Career\PeerGroup\Website-PeerGroup\website-project\vendor\codeigniter4\framework\system\CodeIgniter.php(832): App\Controllers\Home->kegiatan_kami()
#4 C:\Users\tasya\OneDrive\Documents\Career\PeerGroup\Website-PeerGroup\website-project\vendor\codeigniter4\framework\system\CodeIgniter.php(419): CodeIgniter\CodeIgniter->runController(Object(App\Controllers\Home))
#5 C:\Users\tasya\OneDrive\Documents\Career\PeerGroup\Website-PeerGroup\website-project\vendor\codeigniter4\framework\system\CodeIgniter.php(326): CodeIgniter\CodeIgniter->handleRequest(NULL, Object(Config\Cache), false)
#6 C:\Users\tasya\OneDrive\Documents\Career\PeerGroup\Website-PeerGroup\website-project\public\index.php(37): CodeIgniter\CodeIgniter->run()
#7 C:\Users\tasya\OneDrive\Documents\Career\PeerGroup\Website-PeerGroup\website-project\vendor\codeigniter4\framework\system\Commands\Server\rewrite.php(43): require_once('C:\\Users\\tasya\\...')
#8 {main}
ERROR - 2022-07-24 19:25:00 --> Error connecting to the database: Access denied for user '****'@'localhost' (using password: YES)
CRITICAL - 2022-07-24 19:25:00 --> Unable to connect to the database.
Main connection [MySQLi]: Access denied for user '****'@'localhost' (using password: YES)
#0 C:\Users\tasya\OneDrive\Documents\Career\PeerGroup\Website-PeerGroup\website-project\vendor\codeigniter4\framework\system\Database\BaseConnection.php(577): CodeIgniter\Database\BaseConnection->initialize()
#1 C:\Users\tasya\OneDrive\Documents\Career\PeerGroup\Website-PeerGroup\website-project\app\Models\KegiatanModel.php(30): CodeIgniter\Database\BaseConnection->query('SELECT * FROM k...')
#2 C:\Users\tasya\OneDrive\Documents\Career\PeerGroup\Website-PeerGroup\website-project\app\Controllers\Home.php(131): App\Models\KegiatanModel->getrandomkegiatan()
#3 C:\Users\tasya\OneDrive\Documents\Career\PeerGroup\Website-PeerGroup\website-project\vendor\codeigniter4\framework\system\CodeIgniter.php(832): App\Controllers\Home->kegiatan_kami()
#4 C:\Users\tasya\OneDrive\Documents\Career\PeerGroup\Website-PeerGroup\website-project\vendor\codeigniter4\framework\system\CodeIgniter.php(419): CodeIgniter\CodeIgniter->runController(Object(App\Controllers\Home))
#5 C:\Users\tasya\OneDrive\Documents\Career\PeerGroup\Website-PeerGroup\website-project\vendor\codeigniter4\framework\system\CodeIgniter.php(326): CodeIgniter\CodeIgniter->handleRequest(NULL, Object(Config\Cache), false)
#6 C:\Users\tasya\OneDrive\Documents\Career\PeerGroup\Website-PeerGroup\website-project\public\index.php(37): CodeIgniter\CodeIgniter->run()
#7 C:\Users\tasya\OneDrive\Documents\Career\PeerGroup\Website-PeerGroup\website-project\vendor\codeigniter4\framework\system\Commands\Server\rewrite.php(43): require_once('C:\\Users\\tasya\\...')
#8 {main}
ERROR - 2022-07-24 19:39:27 --> Table 'peergroupid.title' doesn't exist
CRITICAL - 2022-07-24 19:39:27 --> Call to a member function getNumRows() on bool
#0 C:\Users\tasya\OneDrive\Documents\Career\PeerGroup\Website-PeerGroup\website-project\vendor\codeigniter4\framework\system\View\View.php(210): include()
#1 C:\Users\tasya\OneDrive\Documents\Career\PeerGroup\Website-PeerGroup\website-project\vendor\codeigniter4\framework\system\View\View.php(213): CodeIgniter\View\View->CodeIgniter\View\{closure}()
#2 C:\Users\tasya\OneDrive\Documents\Career\PeerGroup\Website-PeerGroup\website-project\vendor\codeigniter4\framework\system\Common.php(1089): CodeIgniter\View\View->render('Backend/dashboa...', Array, true)
#3 C:\Users\tasya\OneDrive\Documents\Career\PeerGroup\Website-PeerGroup\website-project\app\Controllers\QuizController.php(32): view('Backend/dashboa...', Array)
#4 C:\Users\tasya\OneDrive\Documents\Career\PeerGroup\Website-PeerGroup\website-project\vendor\codeigniter4\framework\system\CodeIgniter.php(832): App\Controllers\QuizController->index()
#5 C:\Users\tasya\OneDrive\Documents\Career\PeerGroup\Website-PeerGroup\website-project\vendor\codeigniter4\framework\system\CodeIgniter.php(419): CodeIgniter\CodeIgniter->runController(Object(App\Controllers\QuizController))
#6 C:\Users\tasya\OneDrive\Documents\Career\PeerGroup\Website-PeerGroup\website-project\vendor\codeigniter4\framework\system\CodeIgniter.php(326): CodeIgniter\CodeIgniter->handleRequest(NULL, Object(Config\Cache), false)
#7 C:\Users\tasya\OneDrive\Documents\Career\PeerGroup\Website-PeerGroup\website-project\public\index.php(37): CodeIgniter\CodeIgniter->run()
#8 C:\Users\tasya\OneDrive\Documents\Career\PeerGroup\Website-PeerGroup\website-project\vendor\codeigniter4\framework\system\Commands\Server\rewrite.php(43): require_once('C:\\Users\\tasya\\...')
#9 {main}
CRITICAL - 2022-07-24 23:18:28 --> Undefined variable $title
#0 C:\Users\tasya\OneDrive\Documents\Career\PeerGroup\Website-PeerGroup\website-project\app\Controllers\Home.php(58): CodeIgniter\Debug\Exceptions->errorHandler(2, 'Undefined varia...', 'C:\\Users\\tasya\\...', 58)
#1 C:\Users\tasya\OneDrive\Documents\Career\PeerGroup\Website-PeerGroup\website-project\vendor\codeigniter4\framework\system\CodeIgniter.php(832): App\Controllers\Home->detart('productivity-kn...')
#2 C:\Users\tasya\OneDrive\Documents\Career\PeerGroup\Website-PeerGroup\website-project\vendor\codeigniter4\framework\system\CodeIgniter.php(419): CodeIgniter\CodeIgniter->runController(Object(App\Controllers\Home))
#3 C:\Users\tasya\OneDrive\Documents\Career\PeerGroup\Website-PeerGroup\website-project\vendor\codeigniter4\framework\system\CodeIgniter.php(326): CodeIgniter\CodeIgniter->handleRequest(NULL, Object(Config\Cache), false)
#4 C:\Users\tasya\OneDrive\Documents\Career\PeerGroup\Website-PeerGroup\website-project\public\index.php(37): CodeIgniter\CodeIgniter->run()
#5 C:\Users\tasya\OneDrive\Documents\Career\PeerGroup\Website-PeerGroup\website-project\vendor\codeigniter4\framework\system\Commands\Server\rewrite.php(43): require_once('C:\\Users\\tasya\\...')
#6 {main}
CRITICAL - 2022-07-24 23:18:31 --> Undefined variable $title
#0 C:\Users\tasya\OneDrive\Documents\Career\PeerGroup\Website-PeerGroup\website-project\app\Controllers\Home.php(58): CodeIgniter\Debug\Exceptions->errorHandler(2, 'Undefined varia...', 'C:\\Users\\tasya\\...', 58)
#1 C:\Users\tasya\OneDrive\Documents\Career\PeerGroup\Website-PeerGroup\website-project\vendor\codeigniter4\framework\system\CodeIgniter.php(832): App\Controllers\Home->detart('coaching-and-me...')
#2 C:\Users\tasya\OneDrive\Documents\Career\PeerGroup\Website-PeerGroup\website-project\vendor\codeigniter4\framework\system\CodeIgniter.php(419): CodeIgniter\CodeIgniter->runController(Object(App\Controllers\Home))
#3 C:\Users\tasya\OneDrive\Documents\Career\PeerGroup\Website-PeerGroup\website-project\vendor\codeigniter4\framework\system\CodeIgniter.php(326): CodeIgniter\CodeIgniter->handleRequest(NULL, Object(Config\Cache), false)
#4 C:\Users\tasya\OneDrive\Documents\Career\PeerGroup\Website-PeerGroup\website-project\public\index.php(37): CodeIgniter\CodeIgniter->run()
#5 C:\Users\tasya\OneDrive\Documents\Career\PeerGroup\Website-PeerGroup\website-project\vendor\codeigniter4\framework\system\Commands\Server\rewrite.php(43): require_once('C:\\Users\\tasya\\...')
#6 {main}
