CRITICAL - 2022-07-23 05:38:31 --> Invalid file: Frontend/login/.php
#0 C:\Users\tasya\OneDrive\Documents\Career\PeerGroup\Website-PeerGroup\website-project\vendor\codeigniter4\framework\system\View\View.php(198): CodeIgniter\Exceptions\FrameworkException::forInvalidFile('Frontend/login/...')
#1 C:\Users\tasya\OneDrive\Documents\Career\PeerGroup\Website-PeerGroup\website-project\vendor\codeigniter4\framework\system\Common.php(1089): CodeIgniter\View\View->render('Frontend/login/', Array, true)
#2 C:\Users\tasya\OneDrive\Documents\Career\PeerGroup\Website-PeerGroup\website-project\app\Controllers\LoginController.php(26): view('Frontend/login/', Array)
#3 C:\Users\tasya\OneDrive\Documents\Career\PeerGroup\Website-PeerGroup\website-project\vendor\codeigniter4\framework\system\CodeIgniter.php(832): App\Controllers\LoginController->index()
#4 C:\Users\tasya\OneDrive\Documents\Career\PeerGroup\Website-PeerGroup\website-project\vendor\codeigniter4\framework\system\CodeIgniter.php(419): CodeIgniter\CodeIgniter->runController(Object(App\Controllers\LoginController))
#5 C:\Users\tasya\OneDrive\Documents\Career\PeerGroup\Website-PeerGroup\website-project\vendor\codeigniter4\framework\system\CodeIgniter.php(326): CodeIgniter\CodeIgniter->handleRequest(NULL, Object(Config\Cache), false)
#6 C:\Users\tasya\OneDrive\Documents\Career\PeerGroup\Website-PeerGroup\website-project\public\index.php(37): CodeIgniter\CodeIgniter->run()
#7 C:\Users\tasya\OneDrive\Documents\Career\PeerGroup\Website-PeerGroup\website-project\vendor\codeigniter4\framework\system\Commands\Server\rewrite.php(43): require_once('C:\\Users\\tasya\\...')
#8 {main}
CRITICAL - 2022-07-23 05:39:40 --> Invalid file: Frontend/login/.php
#0 C:\Users\tasya\OneDrive\Documents\Career\PeerGroup\Website-PeerGroup\website-project\vendor\codeigniter4\framework\system\View\View.php(198): CodeIgniter\Exceptions\FrameworkException::forInvalidFile('Frontend/login/...')
#1 C:\Users\tasya\OneDrive\Documents\Career\PeerGroup\Website-PeerGroup\website-project\vendor\codeigniter4\framework\system\Common.php(1089): CodeIgniter\View\View->render('Frontend/login/', Array, true)
#2 C:\Users\tasya\OneDrive\Documents\Career\PeerGroup\Website-PeerGroup\website-project\app\Controllers\LoginController.php(26): view('Frontend/login/', Array)
#3 C:\Users\tasya\OneDrive\Documents\Career\PeerGroup\Website-PeerGroup\website-project\vendor\codeigniter4\framework\system\CodeIgniter.php(832): App\Controllers\LoginController->index()
#4 C:\Users\tasya\OneDrive\Documents\Career\PeerGroup\Website-PeerGroup\website-project\vendor\codeigniter4\framework\system\CodeIgniter.php(419): CodeIgniter\CodeIgniter->runController(Object(App\Controllers\LoginController))
#5 C:\Users\tasya\OneDrive\Documents\Career\PeerGroup\Website-PeerGroup\website-project\vendor\codeigniter4\framework\system\CodeIgniter.php(326): CodeIgniter\CodeIgniter->handleRequest(NULL, Object(Config\Cache), false)
#6 C:\Users\tasya\OneDrive\Documents\Career\PeerGroup\Website-PeerGroup\website-project\public\index.php(37): CodeIgniter\CodeIgniter->run()
#7 C:\Users\tasya\OneDrive\Documents\Career\PeerGroup\Website-PeerGroup\website-project\vendor\codeigniter4\framework\system\Commands\Server\rewrite.php(43): require_once('C:\\Users\\tasya\\...')
#8 {main}
CRITICAL - 2022-07-23 06:41:23 --> Undefined variable $title
#0 C:\Users\tasya\OneDrive\Documents\Career\PeerGroup\Website-PeerGroup\website-project\app\Controllers\Home.php(58): CodeIgniter\Debug\Exceptions->errorHandler(2, 'Undefined varia...', 'C:\\Users\\tasya\\...', 58)
#1 C:\Users\tasya\OneDrive\Documents\Career\PeerGroup\Website-PeerGroup\website-project\vendor\codeigniter4\framework\system\CodeIgniter.php(832): App\Controllers\Home->detart('tes')
#2 C:\Users\tasya\OneDrive\Documents\Career\PeerGroup\Website-PeerGroup\website-project\vendor\codeigniter4\framework\system\CodeIgniter.php(419): CodeIgniter\CodeIgniter->runController(Object(App\Controllers\Home))
#3 C:\Users\tasya\OneDrive\Documents\Career\PeerGroup\Website-PeerGroup\website-project\vendor\codeigniter4\framework\system\CodeIgniter.php(326): CodeIgniter\CodeIgniter->handleRequest(NULL, Object(Config\Cache), false)
#4 C:\Users\tasya\OneDrive\Documents\Career\PeerGroup\Website-PeerGroup\website-project\public\index.php(37): CodeIgniter\CodeIgniter->run()
#5 C:\Users\tasya\OneDrive\Documents\Career\PeerGroup\Website-PeerGroup\website-project\vendor\codeigniter4\framework\system\Commands\Server\rewrite.php(43): require_once('C:\\Users\\tasya\\...')
#6 {main}
ERROR - 2022-07-23 06:43:45 --> Table 'peergroupid.title' doesn't exist
CRITICAL - 2022-07-23 06:43:45 --> Table 'peergroupid.title' doesn't exist
#0 C:\Users\tasya\OneDrive\Documents\Career\PeerGroup\Website-PeerGroup\website-project\vendor\codeigniter4\framework\system\Database\MySQLi\Connection.php(292): mysqli->query('SELECT * FROM t...', 0)
#1 C:\Users\tasya\OneDrive\Documents\Career\PeerGroup\Website-PeerGroup\website-project\vendor\codeigniter4\framework\system\Database\BaseConnection.php(670): CodeIgniter\Database\MySQLi\Connection->execute('SELECT * FROM t...')
#2 C:\Users\tasya\OneDrive\Documents\Career\PeerGroup\Website-PeerGroup\website-project\vendor\codeigniter4\framework\system\Database\BaseConnection.php(598): CodeIgniter\Database\BaseConnection->simpleQuery('SELECT * FROM t...')
#3 C:\Users\tasya\OneDrive\Documents\Career\PeerGroup\Website-PeerGroup\website-project\app\Models\QuizModel.php(19): CodeIgniter\Database\BaseConnection->query('SELECT * FROM t...')
#4 C:\Users\tasya\OneDrive\Documents\Career\PeerGroup\Website-PeerGroup\website-project\app\Controllers\QuizController.php(25): App\Models\QuizModel->gettitle()
#5 C:\Users\tasya\OneDrive\Documents\Career\PeerGroup\Website-PeerGroup\website-project\vendor\codeigniter4\framework\system\CodeIgniter.php(832): App\Controllers\QuizController->index()
#6 C:\Users\tasya\OneDrive\Documents\Career\PeerGroup\Website-PeerGroup\website-project\vendor\codeigniter4\framework\system\CodeIgniter.php(419): CodeIgniter\CodeIgniter->runController(Object(App\Controllers\QuizController))
#7 C:\Users\tasya\OneDrive\Documents\Career\PeerGroup\Website-PeerGroup\website-project\vendor\codeigniter4\framework\system\CodeIgniter.php(326): CodeIgniter\CodeIgniter->handleRequest(NULL, Object(Config\Cache), false)
#8 C:\Users\tasya\OneDrive\Documents\Career\PeerGroup\Website-PeerGroup\website-project\public\index.php(37): CodeIgniter\CodeIgniter->run()
#9 C:\Users\tasya\OneDrive\Documents\Career\PeerGroup\Website-PeerGroup\website-project\vendor\codeigniter4\framework\system\Commands\Server\rewrite.php(43): require_once('C:\\Users\\tasya\\...')
#10 {main}
CRITICAL - 2022-07-23 22:32:34 --> Call to undefined method App\Models\ArtikelModel::getrandomkegiatan
#0 C:\Users\tasya\OneDrive\Documents\Career\PeerGroup\Website-PeerGroup\website-project\app\Controllers\Home.php(185): CodeIgniter\Model->__call('getrandomkegiat...', Array)
#1 C:\Users\tasya\OneDrive\Documents\Career\PeerGroup\Website-PeerGroup\website-project\vendor\codeigniter4\framework\system\CodeIgniter.php(832): App\Controllers\Home->event()
#2 C:\Users\tasya\OneDrive\Documents\Career\PeerGroup\Website-PeerGroup\website-project\vendor\codeigniter4\framework\system\CodeIgniter.php(419): CodeIgniter\CodeIgniter->runController(Object(App\Controllers\Home))
#3 C:\Users\tasya\OneDrive\Documents\Career\PeerGroup\Website-PeerGroup\website-project\vendor\codeigniter4\framework\system\CodeIgniter.php(326): CodeIgniter\CodeIgniter->handleRequest(NULL, Object(Config\Cache), false)
#4 C:\Users\tasya\OneDrive\Documents\Career\PeerGroup\Website-PeerGroup\website-project\public\index.php(37): CodeIgniter\CodeIgniter->run()
#5 C:\Users\tasya\OneDrive\Documents\Career\PeerGroup\Website-PeerGroup\website-project\vendor\codeigniter4\framework\system\Commands\Server\rewrite.php(43): require_once('C:\\Users\\tasya\\...')
#6 {main}
CRITICAL - 2022-07-23 22:33:21 --> Undefined variable $artikel
#0 C:\Users\tasya\OneDrive\Documents\Career\PeerGroup\Website-PeerGroup\website-project\app\Views\Frontend\kegiatanKami\event.php(51): CodeIgniter\Debug\Exceptions->errorHandler(2, 'Undefined varia...', 'C:\\Users\\tasya\\...', 51)
#1 C:\Users\tasya\OneDrive\Documents\Career\PeerGroup\Website-PeerGroup\website-project\vendor\codeigniter4\framework\system\View\View.php(210): include('C:\\Users\\tasya\\...')
#2 C:\Users\tasya\OneDrive\Documents\Career\PeerGroup\Website-PeerGroup\website-project\vendor\codeigniter4\framework\system\View\View.php(213): CodeIgniter\View\View->CodeIgniter\View\{closure}()
#3 C:\Users\tasya\OneDrive\Documents\Career\PeerGroup\Website-PeerGroup\website-project\vendor\codeigniter4\framework\system\Common.php(1089): CodeIgniter\View\View->render('Frontend/kegiat...', Array, true)
#4 C:\Users\tasya\OneDrive\Documents\Career\PeerGroup\Website-PeerGroup\website-project\app\Controllers\Home.php(195): view('Frontend/kegiat...', Array)
#5 C:\Users\tasya\OneDrive\Documents\Career\PeerGroup\Website-PeerGroup\website-project\vendor\codeigniter4\framework\system\CodeIgniter.php(832): App\Controllers\Home->event()
#6 C:\Users\tasya\OneDrive\Documents\Career\PeerGroup\Website-PeerGroup\website-project\vendor\codeigniter4\framework\system\CodeIgniter.php(419): CodeIgniter\CodeIgniter->runController(Object(App\Controllers\Home))
#7 C:\Users\tasya\OneDrive\Documents\Career\PeerGroup\Website-PeerGroup\website-project\vendor\codeigniter4\framework\system\CodeIgniter.php(326): CodeIgniter\CodeIgniter->handleRequest(NULL, Object(Config\Cache), false)
#8 C:\Users\tasya\OneDrive\Documents\Career\PeerGroup\Website-PeerGroup\website-project\public\index.php(37): CodeIgniter\CodeIgniter->run()
#9 C:\Users\tasya\OneDrive\Documents\Career\PeerGroup\Website-PeerGroup\website-project\vendor\codeigniter4\framework\system\Commands\Server\rewrite.php(43): require_once('C:\\Users\\tasya\\...')
#10 {main}
CRITICAL - 2022-07-23 22:55:33 --> Call to undefined method App\Models\KegiatanModel::getrandomartikel
#0 C:\Users\tasya\OneDrive\Documents\Career\PeerGroup\Website-PeerGroup\website-project\app\Controllers\Home.php(201): CodeIgniter\Model->__call('getrandomartike...', Array)
#1 C:\Users\tasya\OneDrive\Documents\Career\PeerGroup\Website-PeerGroup\website-project\vendor\codeigniter4\framework\system\CodeIgniter.php(832): App\Controllers\Home->detevent('coba-kegiatan')
#2 C:\Users\tasya\OneDrive\Documents\Career\PeerGroup\Website-PeerGroup\website-project\vendor\codeigniter4\framework\system\CodeIgniter.php(419): CodeIgniter\CodeIgniter->runController(Object(App\Controllers\Home))
#3 C:\Users\tasya\OneDrive\Documents\Career\PeerGroup\Website-PeerGroup\website-project\vendor\codeigniter4\framework\system\CodeIgniter.php(326): CodeIgniter\CodeIgniter->handleRequest(NULL, Object(Config\Cache), false)
#4 C:\Users\tasya\OneDrive\Documents\Career\PeerGroup\Website-PeerGroup\website-project\public\index.php(37): CodeIgniter\CodeIgniter->run()
#5 C:\Users\tasya\OneDrive\Documents\Career\PeerGroup\Website-PeerGroup\website-project\vendor\codeigniter4\framework\system\Commands\Server\rewrite.php(43): require_once('C:\\Users\\tasya\\...')
#6 {main}
CRITICAL - 2022-07-23 22:57:06 --> Call to undefined method App\Models\KegiatanModel::getrandomartikel
#0 C:\Users\tasya\OneDrive\Documents\Career\PeerGroup\Website-PeerGroup\website-project\app\Controllers\Home.php(201): CodeIgniter\Model->__call('getrandomartike...', Array)
#1 C:\Users\tasya\OneDrive\Documents\Career\PeerGroup\Website-PeerGroup\website-project\vendor\codeigniter4\framework\system\CodeIgniter.php(832): App\Controllers\Home->detevent('coba-kegiatan')
#2 C:\Users\tasya\OneDrive\Documents\Career\PeerGroup\Website-PeerGroup\website-project\vendor\codeigniter4\framework\system\CodeIgniter.php(419): CodeIgniter\CodeIgniter->runController(Object(App\Controllers\Home))
#3 C:\Users\tasya\OneDrive\Documents\Career\PeerGroup\Website-PeerGroup\website-project\vendor\codeigniter4\framework\system\CodeIgniter.php(326): CodeIgniter\CodeIgniter->handleRequest(NULL, Object(Config\Cache), false)
#4 C:\Users\tasya\OneDrive\Documents\Career\PeerGroup\Website-PeerGroup\website-project\public\index.php(37): CodeIgniter\CodeIgniter->run()
#5 C:\Users\tasya\OneDrive\Documents\Career\PeerGroup\Website-PeerGroup\website-project\vendor\codeigniter4\framework\system\Commands\Server\rewrite.php(43): require_once('C:\\Users\\tasya\\...')
#6 {main}
CRITICAL - 2022-07-23 23:05:42 --> Undefined variable $event
#0 C:\Users\tasya\OneDrive\Documents\Career\PeerGroup\Website-PeerGroup\website-project\app\Views\Frontend\kegiatanKami\kegiatanKami.php(17): CodeIgniter\Debug\Exceptions->errorHandler(2, 'Undefined varia...', 'C:\\Users\\tasya\\...', 17)
#1 C:\Users\tasya\OneDrive\Documents\Career\PeerGroup\Website-PeerGroup\website-project\vendor\codeigniter4\framework\system\View\View.php(210): include('C:\\Users\\tasya\\...')
#2 C:\Users\tasya\OneDrive\Documents\Career\PeerGroup\Website-PeerGroup\website-project\vendor\codeigniter4\framework\system\View\View.php(213): CodeIgniter\View\View->CodeIgniter\View\{closure}()
#3 C:\Users\tasya\OneDrive\Documents\Career\PeerGroup\Website-PeerGroup\website-project\vendor\codeigniter4\framework\system\Common.php(1089): CodeIgniter\View\View->render('Frontend/kegiat...', Array, true)
#4 C:\Users\tasya\OneDrive\Documents\Career\PeerGroup\Website-PeerGroup\website-project\app\Controllers\Home.php(137): view('Frontend/kegiat...', Array)
#5 C:\Users\tasya\OneDrive\Documents\Career\PeerGroup\Website-PeerGroup\website-project\vendor\codeigniter4\framework\system\CodeIgniter.php(832): App\Controllers\Home->kegiatan_kami()
#6 C:\Users\tasya\OneDrive\Documents\Career\PeerGroup\Website-PeerGroup\website-project\vendor\codeigniter4\framework\system\CodeIgniter.php(419): CodeIgniter\CodeIgniter->runController(Object(App\Controllers\Home))
#7 C:\Users\tasya\OneDrive\Documents\Career\PeerGroup\Website-PeerGroup\website-project\vendor\codeigniter4\framework\system\CodeIgniter.php(326): CodeIgniter\CodeIgniter->handleRequest(NULL, Object(Config\Cache), false)
#8 C:\Users\tasya\OneDrive\Documents\Career\PeerGroup\Website-PeerGroup\website-project\public\index.php(37): CodeIgniter\CodeIgniter->run()
#9 C:\Users\tasya\OneDrive\Documents\Career\PeerGroup\Website-PeerGroup\website-project\vendor\codeigniter4\framework\system\Commands\Server\rewrite.php(43): require_once('C:\\Users\\tasya\\...')
#10 {main}
CRITICAL - 2022-07-23 23:05:57 --> Undefined variable $random
#0 C:\Users\tasya\OneDrive\Documents\Career\PeerGroup\Website-PeerGroup\website-project\app\Views\Frontend\kegiatanKami\detail-event.php(45): CodeIgniter\Debug\Exceptions->errorHandler(2, 'Undefined varia...', 'C:\\Users\\tasya\\...', 45)
#1 C:\Users\tasya\OneDrive\Documents\Career\PeerGroup\Website-PeerGroup\website-project\vendor\codeigniter4\framework\system\View\View.php(210): include('C:\\Users\\tasya\\...')
#2 C:\Users\tasya\OneDrive\Documents\Career\PeerGroup\Website-PeerGroup\website-project\vendor\codeigniter4\framework\system\View\View.php(213): CodeIgniter\View\View->CodeIgniter\View\{closure}()
#3 C:\Users\tasya\OneDrive\Documents\Career\PeerGroup\Website-PeerGroup\website-project\vendor\codeigniter4\framework\system\Common.php(1089): CodeIgniter\View\View->render('Frontend/kegiat...', Array, true)
#4 C:\Users\tasya\OneDrive\Documents\Career\PeerGroup\Website-PeerGroup\website-project\app\Controllers\Home.php(212): view('Frontend/kegiat...', Array)
#5 C:\Users\tasya\OneDrive\Documents\Career\PeerGroup\Website-PeerGroup\website-project\vendor\codeigniter4\framework\system\CodeIgniter.php(832): App\Controllers\Home->detevent('coba-kegiatan')
#6 C:\Users\tasya\OneDrive\Documents\Career\PeerGroup\Website-PeerGroup\website-project\vendor\codeigniter4\framework\system\CodeIgniter.php(419): CodeIgniter\CodeIgniter->runController(Object(App\Controllers\Home))
#7 C:\Users\tasya\OneDrive\Documents\Career\PeerGroup\Website-PeerGroup\website-project\vendor\codeigniter4\framework\system\CodeIgniter.php(326): CodeIgniter\CodeIgniter->handleRequest(NULL, Object(Config\Cache), false)
#8 C:\Users\tasya\OneDrive\Documents\Career\PeerGroup\Website-PeerGroup\website-project\public\index.php(37): CodeIgniter\CodeIgniter->run()
#9 C:\Users\tasya\OneDrive\Documents\Career\PeerGroup\Website-PeerGroup\website-project\vendor\codeigniter4\framework\system\Commands\Server\rewrite.php(43): require_once('C:\\Users\\tasya\\...')
#10 {main}
