CRITICAL - 2022-06-16 05:41:07 --> Invalid file: Frontend/login/.php
#0 C:\Users\tasya\OneDrive\Documents\Career\PeerGroup\Website-PeerGroup\website-project\vendor\codeigniter4\framework\system\View\View.php(198): CodeIgniter\Exceptions\FrameworkException::forInvalidFile('Frontend/login/...')
#1 C:\Users\tasya\OneDrive\Documents\Career\PeerGroup\Website-PeerGroup\website-project\vendor\codeigniter4\framework\system\Common.php(1089): CodeIgniter\View\View->render('Frontend/login/', Array, true)
#2 C:\Users\tasya\OneDrive\Documents\Career\PeerGroup\Website-PeerGroup\website-project\app\Controllers\LoginController.php(26): view('Frontend/login/', Array)
#3 C:\Users\tasya\OneDrive\Documents\Career\PeerGroup\Website-PeerGroup\website-project\vendor\codeigniter4\framework\system\CodeIgniter.php(832): App\Controllers\LoginController->index()
#4 C:\Users\tasya\OneDrive\Documents\Career\PeerGroup\Website-PeerGroup\website-project\vendor\codeigniter4\framework\system\CodeIgniter.php(419): CodeIgniter\CodeIgniter->runController(Object(App\Controllers\LoginController))
#5 C:\Users\tasya\OneDrive\Documents\Career\PeerGroup\Website-PeerGroup\website-project\vendor\codeigniter4\framework\system\CodeIgniter.php(326): CodeIgniter\CodeIgniter->handleRequest(NULL, Object(Config\Cache), false)
#6 C:\Users\tasya\OneDrive\Documents\Career\PeerGroup\Website-PeerGroup\website-project\public\index.php(37): CodeIgniter\CodeIgniter->run()
#7 C:\Users\tasya\OneDrive\Documents\Career\PeerGroup\Website-PeerGroup\website-project\vendor\codeigniter4\framework\system\Commands\Server\rewrite.php(43): require_once('C:\\Users\\tasya\\...')
#8 {main}
CRITICAL - 2022-06-16 05:41:08 --> Invalid file: Frontend/login/.php
#0 C:\Users\tasya\OneDrive\Documents\Career\PeerGroup\Website-PeerGroup\website-project\vendor\codeigniter4\framework\system\View\View.php(198): CodeIgniter\Exceptions\FrameworkException::forInvalidFile('Frontend/login/...')
#1 C:\Users\tasya\OneDrive\Documents\Career\PeerGroup\Website-PeerGroup\website-project\vendor\codeigniter4\framework\system\Common.php(1089): CodeIgniter\View\View->render('Frontend/login/', Array, true)
#2 C:\Users\tasya\OneDrive\Documents\Career\PeerGroup\Website-PeerGroup\website-project\app\Controllers\LoginController.php(26): view('Frontend/login/', Array)
#3 C:\Users\tasya\OneDrive\Documents\Career\PeerGroup\Website-PeerGroup\website-project\vendor\codeigniter4\framework\system\CodeIgniter.php(832): App\Controllers\LoginController->index()
#4 C:\Users\tasya\OneDrive\Documents\Career\PeerGroup\Website-PeerGroup\website-project\vendor\codeigniter4\framework\system\CodeIgniter.php(419): CodeIgniter\CodeIgniter->runController(Object(App\Controllers\LoginController))
#5 C:\Users\tasya\OneDrive\Documents\Career\PeerGroup\Website-PeerGroup\website-project\vendor\codeigniter4\framework\system\CodeIgniter.php(326): CodeIgniter\CodeIgniter->handleRequest(NULL, Object(Config\Cache), false)
#6 C:\Users\tasya\OneDrive\Documents\Career\PeerGroup\Website-PeerGroup\website-project\public\index.php(37): CodeIgniter\CodeIgniter->run()
#7 C:\Users\tasya\OneDrive\Documents\Career\PeerGroup\Website-PeerGroup\website-project\vendor\codeigniter4\framework\system\Commands\Server\rewrite.php(43): require_once('C:\\Users\\tasya\\...')
#8 {main}
CRITICAL - 2022-06-16 06:33:29 --> Invalid file: Frontend/login/.php
#0 C:\Users\tasya\OneDrive\Documents\Career\PeerGroup\Website-PeerGroup\website-project\vendor\codeigniter4\framework\system\View\View.php(198): CodeIgniter\Exceptions\FrameworkException::forInvalidFile('Frontend/login/...')
#1 C:\Users\tasya\OneDrive\Documents\Career\PeerGroup\Website-PeerGroup\website-project\vendor\codeigniter4\framework\system\Common.php(1089): CodeIgniter\View\View->render('Frontend/login/', Array, true)
#2 C:\Users\tasya\OneDrive\Documents\Career\PeerGroup\Website-PeerGroup\website-project\app\Controllers\LoginController.php(26): view('Frontend/login/', Array)
#3 C:\Users\tasya\OneDrive\Documents\Career\PeerGroup\Website-PeerGroup\website-project\vendor\codeigniter4\framework\system\CodeIgniter.php(832): App\Controllers\LoginController->index()
#4 C:\Users\tasya\OneDrive\Documents\Career\PeerGroup\Website-PeerGroup\website-project\vendor\codeigniter4\framework\system\CodeIgniter.php(419): CodeIgniter\CodeIgniter->runController(Object(App\Controllers\LoginController))
#5 C:\Users\tasya\OneDrive\Documents\Career\PeerGroup\Website-PeerGroup\website-project\vendor\codeigniter4\framework\system\CodeIgniter.php(326): CodeIgniter\CodeIgniter->handleRequest(NULL, Object(Config\Cache), false)
#6 C:\Users\tasya\OneDrive\Documents\Career\PeerGroup\Website-PeerGroup\website-project\public\index.php(37): CodeIgniter\CodeIgniter->run()
#7 C:\Users\tasya\OneDrive\Documents\Career\PeerGroup\Website-PeerGroup\website-project\vendor\codeigniter4\framework\system\Commands\Server\rewrite.php(43): require_once('C:\\Users\\tasya\\...')
#8 {main}
